[0.009s] Invoking command in '/home/zaynap/Projects/Bt/build/behaviortree_ros2': CMAKE_PREFIX_PATH=/home/zaynap/Projects/Bt/install/btcpp_ros2_interfaces:/home/zaynap/Projects/Bt/install/tiago_slam:/home/zaynap/Projects/Bt/install/tiago_sim:/home/zaynap/Projects/Bt/install/tiago_nav:/home/zaynap/Projects/Bt/install/tiago_grab:/home/zaynap/Projects/Bt/install/grab2_planner:/home/zaynap/Projects/Bt/install/grab2_bt_testing_pkg:/home/zaynap/Projects/Bt/install/grab2_bt_grabber:/home/zaynap/Projects/Bt/install/grab2_ros_common:/home/zaynap/Projects/Bt/install/grab2_behavior_tree:/home/zaynap/Projects/Bt/install/grab2_msgs:/home/zaynap/Projects/Bt/install/btcpp_ros2_samples:/home/zaynap/Projects/Bt/install/behaviortree_ros2:/opt/ros/humble LD_LIBRARY_PATH=/home/zaynap/Projects/Bt/install/btcpp_ros2_interfaces/lib:/home/zaynap/Projects/Bt/install/grab2_planner/lib:/home/zaynap/Projects/Bt/install/grab2_bt_testing_pkg/lib:/home/zaynap/Projects/Bt/install/grab2_bt_grabber/lib:/home/zaynap/Projects/Bt/install/grab2_behavior_tree/lib:/home/zaynap/Projects/Bt/install/grab2_msgs/lib:/home/zaynap/Projects/Bt/install/behaviortree_ros2/lib:/usr/lib/x86_64-linux-gnu/gazebo-11/plugins:/opt/ros/humble/opt/rviz_ogre_vendor/lib:/opt/ros/humble/lib/x86_64-linux-gnu:/opt/ros/humble/lib /usr/bin/cmake /home/zaynap/Projects/Bt/BehaviorTree.ROS2/behaviortree_ros2 -DCMAKE_INSTALL_PREFIX=/home/zaynap/Projects/Bt/install/behaviortree_ros2
[0.057s] -- The C compiler identification is GNU 11.4.0
[0.107s] -- The CXX compiler identification is GNU 11.4.0
[0.114s] -- Detecting C compiler ABI info
[0.173s] -- Detecting C compiler ABI info - done
[0.180s] -- Check for working C compiler: /usr/bin/cc - skipped
[0.181s] -- Detecting C compile features
[0.181s] -- Detecting C compile features - done
[0.184s] -- Detecting CXX compiler ABI info
[0.258s] -- Detecting CXX compiler ABI info - done
[0.269s] -- Check for working CXX compiler: /usr/bin/c++ - skipped
[0.270s] -- Detecting CXX compile features
[0.270s] -- Detecting CXX compile features - done
[0.281s] -- Found ament_cmake: 1.3.12 (/opt/ros/humble/share/ament_cmake/cmake)
[0.676s] -- Found Python3: /usr/bin/python3 (found version "3.10.12") found components: Interpreter 
[0.773s] -- Found rclcpp: 16.0.15 (/opt/ros/humble/share/rclcpp/cmake)
[0.815s] -- Found rosidl_generator_c: 3.1.7 (/opt/ros/humble/share/rosidl_generator_c/cmake)
[0.820s] -- Found rosidl_adapter: 3.1.7 (/opt/ros/humble/share/rosidl_adapter/cmake)
[0.829s] -- Found rosidl_generator_cpp: 3.1.7 (/opt/ros/humble/share/rosidl_generator_cpp/cmake)
[0.841s] -- Using all available rosidl_typesupport_c: rosidl_typesupport_fastrtps_c;rosidl_typesupport_introspection_c
[0.858s] -- Using all available rosidl_typesupport_cpp: rosidl_typesupport_fastrtps_cpp;rosidl_typesupport_introspection_cpp
[0.903s] -- Found rmw_implementation_cmake: 6.1.2 (/opt/ros/humble/share/rmw_implementation_cmake/cmake)
[0.906s] -- Found rmw_fastrtps_cpp: 6.2.8 (/opt/ros/humble/share/rmw_fastrtps_cpp/cmake)
[0.985s] -- Found OpenSSL: /usr/lib/x86_64-linux-gnu/libcrypto.so (found version "3.0.2")  
[1.012s] -- Found FastRTPS: /opt/ros/humble/include  
[1.052s] -- Using RMW implementation 'rmw_fastrtps_cpp' as default
[1.061s] -- Looking for pthread.h
[1.131s] -- Looking for pthread.h - found
[1.131s] -- Performing Test CMAKE_HAVE_LIBC_PTHREAD
[1.206s] -- Performing Test CMAKE_HAVE_LIBC_PTHREAD - Success
[1.208s] -- Found Threads: TRUE  
[1.260s] -- Found rclcpp_action: 16.0.15 (/opt/ros/humble/share/rclcpp_action/cmake)
[1.296s] -- Found behaviortree_cpp: 4.7.1 (/opt/ros/humble/share/behaviortree_cpp/cmake)
[1.298s] -- Found btcpp_ros2_interfaces: 0.3.0 (/home/zaynap/Projects/Bt/install/btcpp_ros2_interfaces/share/btcpp_ros2_interfaces/cmake)
[1.315s] -- Found generate_parameter_library: 0.5.0 (/opt/ros/humble/share/generate_parameter_library/cmake)
[1.316s] -- Found parameter_traits: 0.5.0 (/opt/ros/humble/share/parameter_traits/cmake)
[1.334s] -- Found rclcpp_lifecycle: 16.0.15 (/opt/ros/humble/share/rclcpp_lifecycle/cmake)
[1.441s] -- Configuring done
[1.451s] -- Generating done
[1.455s] -- Build files have been written to: /home/zaynap/Projects/Bt/build/behaviortree_ros2
[1.465s] Invoked command in '/home/zaynap/Projects/Bt/build/behaviortree_ros2' returned '0': CMAKE_PREFIX_PATH=/home/zaynap/Projects/Bt/install/btcpp_ros2_interfaces:/home/zaynap/Projects/Bt/install/tiago_slam:/home/zaynap/Projects/Bt/install/tiago_sim:/home/zaynap/Projects/Bt/install/tiago_nav:/home/zaynap/Projects/Bt/install/tiago_grab:/home/zaynap/Projects/Bt/install/grab2_planner:/home/zaynap/Projects/Bt/install/grab2_bt_testing_pkg:/home/zaynap/Projects/Bt/install/grab2_bt_grabber:/home/zaynap/Projects/Bt/install/grab2_ros_common:/home/zaynap/Projects/Bt/install/grab2_behavior_tree:/home/zaynap/Projects/Bt/install/grab2_msgs:/home/zaynap/Projects/Bt/install/btcpp_ros2_samples:/home/zaynap/Projects/Bt/install/behaviortree_ros2:/opt/ros/humble LD_LIBRARY_PATH=/home/zaynap/Projects/Bt/install/btcpp_ros2_interfaces/lib:/home/zaynap/Projects/Bt/install/grab2_planner/lib:/home/zaynap/Projects/Bt/install/grab2_bt_testing_pkg/lib:/home/zaynap/Projects/Bt/install/grab2_bt_grabber/lib:/home/zaynap/Projects/Bt/install/grab2_behavior_tree/lib:/home/zaynap/Projects/Bt/install/grab2_msgs/lib:/home/zaynap/Projects/Bt/install/behaviortree_ros2/lib:/usr/lib/x86_64-linux-gnu/gazebo-11/plugins:/opt/ros/humble/opt/rviz_ogre_vendor/lib:/opt/ros/humble/lib/x86_64-linux-gnu:/opt/ros/humble/lib /usr/bin/cmake /home/zaynap/Projects/Bt/BehaviorTree.ROS2/behaviortree_ros2 -DCMAKE_INSTALL_PREFIX=/home/zaynap/Projects/Bt/install/behaviortree_ros2
[1.467s] Invoking command in '/home/zaynap/Projects/Bt/build/behaviortree_ros2': CMAKE_PREFIX_PATH=/home/zaynap/Projects/Bt/install/btcpp_ros2_interfaces:/home/zaynap/Projects/Bt/install/tiago_slam:/home/zaynap/Projects/Bt/install/tiago_sim:/home/zaynap/Projects/Bt/install/tiago_nav:/home/zaynap/Projects/Bt/install/tiago_grab:/home/zaynap/Projects/Bt/install/grab2_planner:/home/zaynap/Projects/Bt/install/grab2_bt_testing_pkg:/home/zaynap/Projects/Bt/install/grab2_bt_grabber:/home/zaynap/Projects/Bt/install/grab2_ros_common:/home/zaynap/Projects/Bt/install/grab2_behavior_tree:/home/zaynap/Projects/Bt/install/grab2_msgs:/home/zaynap/Projects/Bt/install/btcpp_ros2_samples:/home/zaynap/Projects/Bt/install/behaviortree_ros2:/opt/ros/humble LD_LIBRARY_PATH=/home/zaynap/Projects/Bt/install/btcpp_ros2_interfaces/lib:/home/zaynap/Projects/Bt/install/grab2_planner/lib:/home/zaynap/Projects/Bt/install/grab2_bt_testing_pkg/lib:/home/zaynap/Projects/Bt/install/grab2_bt_grabber/lib:/home/zaynap/Projects/Bt/install/grab2_behavior_tree/lib:/home/zaynap/Projects/Bt/install/grab2_msgs/lib:/home/zaynap/Projects/Bt/install/behaviortree_ros2/lib:/usr/lib/x86_64-linux-gnu/gazebo-11/plugins:/opt/ros/humble/opt/rviz_ogre_vendor/lib:/opt/ros/humble/lib/x86_64-linux-gnu:/opt/ros/humble/lib /usr/bin/cmake --build /home/zaynap/Projects/Bt/build/behaviortree_ros2 -- -j8 -l8
[1.514s] [ 14%] [34m[1mRunning `/opt/ros/humble/bin/generate_parameter_library_cpp /home/zaynap/Projects/Bt/build/behaviortree_ros2/include/behaviortree_ros2/bt_executor_parameters.hpp /home/zaynap/Projects/Bt/BehaviorTree.ROS2/behaviortree_ros2/src/bt_executor_parameters.yaml `[0m
[1.760s] [ 28%] [34m[1mCreating deprecated header file /home/zaynap/Projects/Bt/build/behaviortree_ros2/include/bt_executor_parameters.hpp[0m
[1.775s] [ 28%] Built target bt_executor_parameters
[1.794s] [ 42%] [32mBuilding CXX object CMakeFiles/behaviortree_ros2.dir/src/bt_utils.cpp.o[0m
[1.795s] [ 57%] [32mBuilding CXX object CMakeFiles/behaviortree_ros2.dir/src/bt_ros2.cpp.o[0m
[1.796s] [ 71%] [32mBuilding CXX object CMakeFiles/behaviortree_ros2.dir/src/bt_ros_logger.cpp.o[0m
[1.796s] [ 85%] [32mBuilding CXX object CMakeFiles/behaviortree_ros2.dir/src/tree_execution_server.cpp.o[0m
[13.344s] [100%] [32m[1mLinking CXX static library libbehaviortree_ros2.a[0m
[13.460s] [100%] Built target behaviortree_ros2
[13.471s] Invoked command in '/home/zaynap/Projects/Bt/build/behaviortree_ros2' returned '0': CMAKE_PREFIX_PATH=/home/zaynap/Projects/Bt/install/btcpp_ros2_interfaces:/home/zaynap/Projects/Bt/install/tiago_slam:/home/zaynap/Projects/Bt/install/tiago_sim:/home/zaynap/Projects/Bt/install/tiago_nav:/home/zaynap/Projects/Bt/install/tiago_grab:/home/zaynap/Projects/Bt/install/grab2_planner:/home/zaynap/Projects/Bt/install/grab2_bt_testing_pkg:/home/zaynap/Projects/Bt/install/grab2_bt_grabber:/home/zaynap/Projects/Bt/install/grab2_ros_common:/home/zaynap/Projects/Bt/install/grab2_behavior_tree:/home/zaynap/Projects/Bt/install/grab2_msgs:/home/zaynap/Projects/Bt/install/btcpp_ros2_samples:/home/zaynap/Projects/Bt/install/behaviortree_ros2:/opt/ros/humble LD_LIBRARY_PATH=/home/zaynap/Projects/Bt/install/btcpp_ros2_interfaces/lib:/home/zaynap/Projects/Bt/install/grab2_planner/lib:/home/zaynap/Projects/Bt/install/grab2_bt_testing_pkg/lib:/home/zaynap/Projects/Bt/install/grab2_bt_grabber/lib:/home/zaynap/Projects/Bt/install/grab2_behavior_tree/lib:/home/zaynap/Projects/Bt/install/grab2_msgs/lib:/home/zaynap/Projects/Bt/install/behaviortree_ros2/lib:/usr/lib/x86_64-linux-gnu/gazebo-11/plugins:/opt/ros/humble/opt/rviz_ogre_vendor/lib:/opt/ros/humble/lib/x86_64-linux-gnu:/opt/ros/humble/lib /usr/bin/cmake --build /home/zaynap/Projects/Bt/build/behaviortree_ros2 -- -j8 -l8
[13.472s] Invoking command in '/home/zaynap/Projects/Bt/build/behaviortree_ros2': CMAKE_PREFIX_PATH=/home/zaynap/Projects/Bt/install/btcpp_ros2_interfaces:/home/zaynap/Projects/Bt/install/tiago_slam:/home/zaynap/Projects/Bt/install/tiago_sim:/home/zaynap/Projects/Bt/install/tiago_nav:/home/zaynap/Projects/Bt/install/tiago_grab:/home/zaynap/Projects/Bt/install/grab2_planner:/home/zaynap/Projects/Bt/install/grab2_bt_testing_pkg:/home/zaynap/Projects/Bt/install/grab2_bt_grabber:/home/zaynap/Projects/Bt/install/grab2_ros_common:/home/zaynap/Projects/Bt/install/grab2_behavior_tree:/home/zaynap/Projects/Bt/install/grab2_msgs:/home/zaynap/Projects/Bt/install/btcpp_ros2_samples:/home/zaynap/Projects/Bt/install/behaviortree_ros2:/opt/ros/humble LD_LIBRARY_PATH=/home/zaynap/Projects/Bt/install/btcpp_ros2_interfaces/lib:/home/zaynap/Projects/Bt/install/grab2_planner/lib:/home/zaynap/Projects/Bt/install/grab2_bt_testing_pkg/lib:/home/zaynap/Projects/Bt/install/grab2_bt_grabber/lib:/home/zaynap/Projects/Bt/install/grab2_behavior_tree/lib:/home/zaynap/Projects/Bt/install/grab2_msgs/lib:/home/zaynap/Projects/Bt/install/behaviortree_ros2/lib:/usr/lib/x86_64-linux-gnu/gazebo-11/plugins:/opt/ros/humble/opt/rviz_ogre_vendor/lib:/opt/ros/humble/lib/x86_64-linux-gnu:/opt/ros/humble/lib /usr/bin/cmake --install /home/zaynap/Projects/Bt/build/behaviortree_ros2
[13.479s] -- Install configuration: ""
[13.479s] -- Installing: /home/zaynap/Projects/Bt/install/behaviortree_ros2/include/behaviortree_ros2
[13.479s] -- Installing: /home/zaynap/Projects/Bt/install/behaviortree_ros2/include/behaviortree_ros2/bt_executor_parameters.hpp
[13.479s] -- Up-to-date: /home/zaynap/Projects/Bt/install/behaviortree_ros2/include/
[13.479s] -- Up-to-date: /home/zaynap/Projects/Bt/install/behaviortree_ros2/include//behaviortree_ros2
[13.479s] -- Installing: /home/zaynap/Projects/Bt/install/behaviortree_ros2/include//behaviortree_ros2/tree_execution_server.hpp
[13.479s] -- Installing: /home/zaynap/Projects/Bt/install/behaviortree_ros2/include//behaviortree_ros2/bt_topic_sub_node.hpp
[13.479s] -- Installing: /home/zaynap/Projects/Bt/install/behaviortree_ros2/include//behaviortree_ros2/bt_utils.hpp
[13.479s] -- Installing: /home/zaynap/Projects/Bt/install/behaviortree_ros2/include//behaviortree_ros2/bt_topic_pub_node.hpp
[13.480s] -- Installing: /home/zaynap/Projects/Bt/install/behaviortree_ros2/include//behaviortree_ros2/plugins.hpp
[13.480s] -- Installing: /home/zaynap/Projects/Bt/install/behaviortree_ros2/include//behaviortree_ros2/bt_service_node.hpp
[13.480s] -- Installing: /home/zaynap/Projects/Bt/install/behaviortree_ros2/include//behaviortree_ros2/bt_action_node.hpp
[13.480s] -- Installing: /home/zaynap/Projects/Bt/install/behaviortree_ros2/include//behaviortree_ros2/ros_node_params.hpp
[13.480s] -- Installing: /home/zaynap/Projects/Bt/install/behaviortree_ros2/include//behaviortree_ros2/bt_ros_logger.hpp
[13.480s] -- Installing: /home/zaynap/Projects/Bt/install/behaviortree_ros2/share/behaviortree_ros2/environment/library_path.sh
[13.480s] -- Installing: /home/zaynap/Projects/Bt/install/behaviortree_ros2/share/behaviortree_ros2/environment/library_path.dsv
[13.480s] -- Installing: /home/zaynap/Projects/Bt/install/behaviortree_ros2/lib/libbehaviortree_ros2.a
[13.485s] -- Installing: /home/zaynap/Projects/Bt/install/behaviortree_ros2/share/ament_index/resource_index/package_run_dependencies/behaviortree_ros2
[13.485s] -- Installing: /home/zaynap/Projects/Bt/install/behaviortree_ros2/share/ament_index/resource_index/parent_prefix_path/behaviortree_ros2
[13.485s] -- Installing: /home/zaynap/Projects/Bt/install/behaviortree_ros2/share/behaviortree_ros2/environment/ament_prefix_path.sh
[13.485s] -- Installing: /home/zaynap/Projects/Bt/install/behaviortree_ros2/share/behaviortree_ros2/environment/ament_prefix_path.dsv
[13.485s] -- Installing: /home/zaynap/Projects/Bt/install/behaviortree_ros2/share/behaviortree_ros2/environment/path.sh
[13.485s] -- Installing: /home/zaynap/Projects/Bt/install/behaviortree_ros2/share/behaviortree_ros2/environment/path.dsv
[13.485s] -- Installing: /home/zaynap/Projects/Bt/install/behaviortree_ros2/share/behaviortree_ros2/local_setup.bash
[13.486s] -- Installing: /home/zaynap/Projects/Bt/install/behaviortree_ros2/share/behaviortree_ros2/local_setup.sh
[13.486s] -- Installing: /home/zaynap/Projects/Bt/install/behaviortree_ros2/share/behaviortree_ros2/local_setup.zsh
[13.486s] -- Installing: /home/zaynap/Projects/Bt/install/behaviortree_ros2/share/behaviortree_ros2/local_setup.dsv
[13.486s] -- Installing: /home/zaynap/Projects/Bt/install/behaviortree_ros2/share/behaviortree_ros2/package.dsv
[13.486s] -- Installing: /home/zaynap/Projects/Bt/install/behaviortree_ros2/share/ament_index/resource_index/packages/behaviortree_ros2
[13.486s] -- Installing: /home/zaynap/Projects/Bt/install/behaviortree_ros2/share/behaviortree_ros2/cmake/behaviortree_ros2TargetsExport.cmake
[13.486s] -- Installing: /home/zaynap/Projects/Bt/install/behaviortree_ros2/share/behaviortree_ros2/cmake/behaviortree_ros2TargetsExport-noconfig.cmake
[13.486s] -- Installing: /home/zaynap/Projects/Bt/install/behaviortree_ros2/share/behaviortree_ros2/cmake/ament_cmake_export_dependencies-extras.cmake
[13.487s] -- Installing: /home/zaynap/Projects/Bt/install/behaviortree_ros2/share/behaviortree_ros2/cmake/ament_cmake_export_targets-extras.cmake
[13.487s] -- Installing: /home/zaynap/Projects/Bt/install/behaviortree_ros2/share/behaviortree_ros2/cmake/ament_cmake_export_include_directories-extras.cmake
[13.487s] -- Installing: /home/zaynap/Projects/Bt/install/behaviortree_ros2/share/behaviortree_ros2/cmake/ament_cmake_export_libraries-extras.cmake
[13.487s] -- Installing: /home/zaynap/Projects/Bt/install/behaviortree_ros2/share/behaviortree_ros2/cmake/behaviortree_ros2Config.cmake
[13.487s] -- Installing: /home/zaynap/Projects/Bt/install/behaviortree_ros2/share/behaviortree_ros2/cmake/behaviortree_ros2Config-version.cmake
[13.487s] -- Installing: /home/zaynap/Projects/Bt/install/behaviortree_ros2/share/behaviortree_ros2/package.xml
[13.489s] Invoked command in '/home/zaynap/Projects/Bt/build/behaviortree_ros2' returned '0': CMAKE_PREFIX_PATH=/home/zaynap/Projects/Bt/install/btcpp_ros2_interfaces:/home/zaynap/Projects/Bt/install/tiago_slam:/home/zaynap/Projects/Bt/install/tiago_sim:/home/zaynap/Projects/Bt/install/tiago_nav:/home/zaynap/Projects/Bt/install/tiago_grab:/home/zaynap/Projects/Bt/install/grab2_planner:/home/zaynap/Projects/Bt/install/grab2_bt_testing_pkg:/home/zaynap/Projects/Bt/install/grab2_bt_grabber:/home/zaynap/Projects/Bt/install/grab2_ros_common:/home/zaynap/Projects/Bt/install/grab2_behavior_tree:/home/zaynap/Projects/Bt/install/grab2_msgs:/home/zaynap/Projects/Bt/install/btcpp_ros2_samples:/home/zaynap/Projects/Bt/install/behaviortree_ros2:/opt/ros/humble LD_LIBRARY_PATH=/home/zaynap/Projects/Bt/install/btcpp_ros2_interfaces/lib:/home/zaynap/Projects/Bt/install/grab2_planner/lib:/home/zaynap/Projects/Bt/install/grab2_bt_testing_pkg/lib:/home/zaynap/Projects/Bt/install/grab2_bt_grabber/lib:/home/zaynap/Projects/Bt/install/grab2_behavior_tree/lib:/home/zaynap/Projects/Bt/install/grab2_msgs/lib:/home/zaynap/Projects/Bt/install/behaviortree_ros2/lib:/usr/lib/x86_64-linux-gnu/gazebo-11/plugins:/opt/ros/humble/opt/rviz_ogre_vendor/lib:/opt/ros/humble/lib/x86_64-linux-gnu:/opt/ros/humble/lib /usr/bin/cmake --install /home/zaynap/Projects/Bt/build/behaviortree_ros2
