[0.060s] Invoking command in '/home/zaynap/Projects/Bt/build/grab2_bt_grabber': CMAKE_PREFIX_PATH=/home/zaynap/Projects/Bt/install/grab2_ros_common:/home/zaynap/Projects/Bt/install/grab2_msgs:/home/zaynap/Projects/Bt/install/behaviortree_ros2:/home/zaynap/Projects/Bt/install/btcpp_ros2_interfaces:/home/zaynap/Projects/Bt/install/tiago_slam:/home/zaynap/Projects/Bt/install/tiago_sim:/home/zaynap/Projects/Bt/install/tiago_nav:/home/zaynap/Projects/Bt/install/tiago_grab:/home/zaynap/Projects/Bt/install/grab2_planner:/home/zaynap/Projects/Bt/install/grab2_bt_testing_pkg:/home/zaynap/Projects/Bt/install/grab2_bt_grabber:/home/zaynap/Projects/Bt/install/grab2_behavior_tree:/home/zaynap/Projects/Bt/install/btcpp_ros2_samples:/opt/ros/humble LD_LIBRARY_PATH=/home/zaynap/Projects/Bt/install/grab2_msgs/lib:/home/zaynap/Projects/Bt/install/btcpp_ros2_interfaces/lib:/home/zaynap/Projects/Bt/install/grab2_planner/lib:/home/zaynap/Projects/Bt/install/grab2_bt_testing_pkg/lib:/home/zaynap/Projects/Bt/install/grab2_bt_grabber/lib:/home/zaynap/Projects/Bt/install/grab2_behavior_tree/lib:/home/zaynap/Projects/Bt/install/behaviortree_ros2/lib:/usr/lib/x86_64-linux-gnu/gazebo-11/plugins:/opt/ros/humble/opt/rviz_ogre_vendor/lib:/opt/ros/humble/lib/x86_64-linux-gnu:/opt/ros/humble/lib /usr/bin/cmake /home/zaynap/Projects/Bt/grab2_bt_grabber -DCMAKE_INSTALL_PREFIX=/home/zaynap/Projects/Bt/install/grab2_bt_grabber
[0.252s] -- The C compiler identification is GNU 11.4.0
[0.459s] -- The CXX compiler identification is GNU 11.4.0
[0.486s] -- Detecting C compiler ABI info
[0.746s] -- Detecting C compiler ABI info - done
[0.771s] -- Check for working C compiler: /usr/bin/cc - skipped
[0.773s] -- Detecting C compile features
[0.781s] -- Detecting C compile features - done
[0.785s] -- Detecting CXX compiler ABI info
[1.076s] -- Detecting CXX compiler ABI info - done
[1.103s] -- Check for working CXX compiler: /usr/bin/c++ - skipped
[1.104s] -- Detecting CXX compile features
[1.108s] -- Detecting CXX compile features - done
[1.116s] -- Found ament_cmake: 1.3.12 (/opt/ros/humble/share/ament_cmake/cmake)
[2.222s] -- Found Python3: /usr/bin/python3 (found version "3.10.12") found components: Interpreter 
[2.613s] -- Found ament_cmake_ros: 0.10.0 (/opt/ros/humble/share/ament_cmake_ros/cmake)
[2.676s] -- Found ament_index_cpp: 1.4.0 (/opt/ros/humble/share/ament_index_cpp/cmake)
[2.682s] -- Found grab2_msgs: 0.0.0 (/home/zaynap/Projects/Bt/install/grab2_msgs/share/grab2_msgs/cmake)
[2.890s] -- Found rosidl_generator_c: 3.1.7 (/opt/ros/humble/share/rosidl_generator_c/cmake)
[2.916s] -- Found rosidl_adapter: 3.1.7 (/opt/ros/humble/share/rosidl_adapter/cmake)
[2.967s] -- Found rosidl_generator_cpp: 3.1.7 (/opt/ros/humble/share/rosidl_generator_cpp/cmake)
[3.043s] -- Using all available rosidl_typesupport_c: rosidl_typesupport_fastrtps_c;rosidl_typesupport_introspection_c
[3.129s] -- Using all available rosidl_typesupport_cpp: rosidl_typesupport_fastrtps_cpp;rosidl_typesupport_introspection_cpp
[3.993s] -- Found behaviortree_cpp: 4.7.1 (/opt/ros/humble/share/behaviortree_cpp/cmake)
[3.995s] -- Found behaviortree_ros2: 0.3.0 (/home/zaynap/Projects/Bt/install/behaviortree_ros2/share/behaviortree_ros2/cmake)
[4.083s] -- Found rmw_implementation_cmake: 6.1.2 (/opt/ros/humble/share/rmw_implementation_cmake/cmake)
[4.090s] -- Found rmw_fastrtps_cpp: 6.2.8 (/opt/ros/humble/share/rmw_fastrtps_cpp/cmake)
[4.298s] -- Found OpenSSL: /usr/lib/x86_64-linux-gnu/libcrypto.so (found version "3.0.2")  
[4.416s] -- Found FastRTPS: /opt/ros/humble/include  
[4.666s] -- Using RMW implementation 'rmw_fastrtps_cpp' as default
[4.741s] -- Looking for pthread.h
[5.006s] -- Looking for pthread.h - found
[5.006s] -- Performing Test CMAKE_HAVE_LIBC_PTHREAD
[5.300s] -- Performing Test CMAKE_HAVE_LIBC_PTHREAD - Success
[5.302s] -- Found Threads: TRUE  
[5.788s] -- Found rclcpp_components: 16.0.15 (/opt/ros/humble/share/rclcpp_components/cmake)
[5.929s] -- Found tf2_ros: 0.25.16 (/opt/ros/humble/share/tf2_ros/cmake)
[6.181s] -- Found grab2_ros_common: 0.0.0 (/home/zaynap/Projects/Bt/install/grab2_ros_common/share/grab2_ros_common/cmake)
[6.281s] -- Found eigen3_cmake_module: 0.1.1 (/opt/ros/humble/share/eigen3_cmake_module/cmake)
[6.290s] -- Found Eigen3: TRUE (found version "3.4.0") 
[6.291s] -- Ensuring Eigen3 include directory is part of orocos-kdl CMake target
[6.330s] -- Found ament_lint_auto: 0.12.14 (/opt/ros/humble/share/ament_lint_auto/cmake)
[6.996s] -- Added test 'cppcheck' to perform static code analysis on C / C++ code
[6.996s] -- Configured cppcheck include dirs: $<BUILD_INTERFACE:/home/zaynap/Projects/Bt/grab2_bt_grabber/include>
[6.996s] -- Configured cppcheck exclude dirs and/or files: 
[7.011s] -- Added test 'cpplint' to check C / C++ code against the Google style
[7.011s] -- Configured cpplint exclude dirs and/or files: 
[7.012s] -- Added test 'flake8' to check Python code syntax and style conventions
[7.020s] -- Added test 'lint_cmake' to check CMake code style
[7.026s] -- Added test 'pep257' to check Python code against some of the docstring style conventions in PEP 257
[7.039s] -- Added test 'uncrustify' to check C / C++ code style
[7.039s] -- Configured uncrustify additional arguments: 
[7.039s] -- Added test 'xmllint' to check XML markup files
[7.068s] -- Configuring done
[7.239s] -- Generating done
[7.288s] -- Build files have been written to: /home/zaynap/Projects/Bt/build/grab2_bt_grabber
