[0.113s] DEBUG:colcon:Command line arguments: ['/usr/bin/colcon', 'build', '--packages-select', 'grab2_bt_testing_pkg']
[0.113s] DEBUG:colcon:Parsed command line arguments: Namespace(log_base=None, log_level=None, verb_name='build', build_base='build', install_base='install', merge_install=False, symlink_install=False, test_result_base=None, continue_on_error=False, executor='parallel', parallel_workers=8, event_handlers=None, ignore_user_meta=False, metas=['./colcon.meta'], base_paths=['.'], packages_ignore=None, packages_ignore_regex=None, paths=None, packages_up_to=None, packages_up_to_regex=None, packages_above=None, packages_above_and_dependencies=None, packages_above_depth=None, packages_select_by_dep=None, packages_skip_by_dep=None, packages_skip_up_to=None, packages_select_build_failed=False, packages_skip_build_finished=False, packages_select_test_failures=False, packages_skip_test_passed=False, packages_select=['grab2_bt_testing_pkg'], packages_skip=None, packages_select_regex=None, packages_skip_regex=None, packages_start=None, packages_end=None, allow_overriding=[], cmake_args=None, cmake_target=None, cmake_target_skip_unavailable=False, cmake_clean_cache=False, cmake_clean_first=False, cmake_force_configure=False, ament_cmake_args=None, catkin_cmake_args=None, catkin_skip_building_tests=False, mixin_files=None, mixin=None, verb_parser=<colcon_mixin.mixin.mixin_argument.MixinArgumentDecorator object at 0x777d6715e830>, verb_extension=<colcon_core.verb.build.BuildVerb object at 0x777d6728bd90>, main=<bound method BuildVerb.main of <colcon_core.verb.build.BuildVerb object at 0x777d6728bd90>>, mixin_verb=('build',))
[0.149s] Level 1:colcon.colcon_core.package_discovery:discover_packages(colcon_meta) check parameters
[0.149s] Level 1:colcon.colcon_core.package_discovery:discover_packages(recursive) check parameters
[0.149s] Level 1:colcon.colcon_core.package_discovery:discover_packages(ignore) check parameters
[0.149s] Level 1:colcon.colcon_core.package_discovery:discover_packages(path) check parameters
[0.149s] Level 1:colcon.colcon_core.package_discovery:discover_packages(colcon_meta) discover
[0.149s] Level 1:colcon.colcon_core.package_discovery:discover_packages(recursive) discover
[0.149s] INFO:colcon.colcon_core.package_discovery:Crawling recursively for packages in '/home/zaynap/Projects/Bt'
[0.149s] Level 1:colcon.colcon_core.package_identification:_identify(.) by extensions ['ignore', 'ignore_ament_install']
[0.149s] Level 1:colcon.colcon_core.package_identification:_identify(.) by extension 'ignore'
[0.149s] Level 1:colcon.colcon_core.package_identification:_identify(.) by extension 'ignore_ament_install'
[0.149s] Level 1:colcon.colcon_core.package_identification:_identify(.) by extensions ['colcon_pkg']
[0.149s] Level 1:colcon.colcon_core.package_identification:_identify(.) by extension 'colcon_pkg'
[0.149s] Level 1:colcon.colcon_core.package_identification:_identify(.) by extensions ['colcon_meta']
[0.149s] Level 1:colcon.colcon_core.package_identification:_identify(.) by extension 'colcon_meta'
[0.149s] Level 1:colcon.colcon_core.package_identification:_identify(.) by extensions ['ros']
[0.149s] Level 1:colcon.colcon_core.package_identification:_identify(.) by extension 'ros'
[0.175s] Level 1:colcon.colcon_core.package_identification:_identify(.) by extensions ['cmake', 'python']
[0.175s] Level 1:colcon.colcon_core.package_identification:_identify(.) by extension 'cmake'
[0.175s] Level 1:colcon.colcon_core.package_identification:_identify(.) by extension 'python'
[0.175s] Level 1:colcon.colcon_core.package_identification:_identify(.) by extensions ['python_setup_py']
[0.175s] Level 1:colcon.colcon_core.package_identification:_identify(.) by extension 'python_setup_py'
[0.175s] Level 1:colcon.colcon_core.package_identification:_identify(BehaviorTree.ROS2) by extensions ['ignore', 'ignore_ament_install']
[0.175s] Level 1:colcon.colcon_core.package_identification:_identify(BehaviorTree.ROS2) by extension 'ignore'
[0.175s] Level 1:colcon.colcon_core.package_identification:_identify(BehaviorTree.ROS2) by extension 'ignore_ament_install'
[0.175s] Level 1:colcon.colcon_core.package_identification:_identify(BehaviorTree.ROS2) by extensions ['colcon_pkg']
[0.176s] Level 1:colcon.colcon_core.package_identification:_identify(BehaviorTree.ROS2) by extension 'colcon_pkg'
[0.176s] Level 1:colcon.colcon_core.package_identification:_identify(BehaviorTree.ROS2) by extensions ['colcon_meta']
[0.176s] Level 1:colcon.colcon_core.package_identification:_identify(BehaviorTree.ROS2) by extension 'colcon_meta'
[0.176s] Level 1:colcon.colcon_core.package_identification:_identify(BehaviorTree.ROS2) by extensions ['ros']
[0.176s] Level 1:colcon.colcon_core.package_identification:_identify(BehaviorTree.ROS2) by extension 'ros'
[0.176s] Level 1:colcon.colcon_core.package_identification:_identify(BehaviorTree.ROS2) by extensions ['cmake', 'python']
[0.176s] Level 1:colcon.colcon_core.package_identification:_identify(BehaviorTree.ROS2) by extension 'cmake'
[0.176s] Level 1:colcon.colcon_core.package_identification:_identify(BehaviorTree.ROS2) by extension 'python'
[0.176s] Level 1:colcon.colcon_core.package_identification:_identify(BehaviorTree.ROS2) by extensions ['python_setup_py']
[0.176s] Level 1:colcon.colcon_core.package_identification:_identify(BehaviorTree.ROS2) by extension 'python_setup_py'
[0.176s] Level 1:colcon.colcon_core.package_identification:_identify(BehaviorTree.ROS2/behaviortree_ros2) by extensions ['ignore', 'ignore_ament_install']
[0.176s] Level 1:colcon.colcon_core.package_identification:_identify(BehaviorTree.ROS2/behaviortree_ros2) by extension 'ignore'
[0.176s] Level 1:colcon.colcon_core.package_identification:_identify(BehaviorTree.ROS2/behaviortree_ros2) by extension 'ignore_ament_install'
[0.176s] Level 1:colcon.colcon_core.package_identification:_identify(BehaviorTree.ROS2/behaviortree_ros2) by extensions ['colcon_pkg']
[0.176s] Level 1:colcon.colcon_core.package_identification:_identify(BehaviorTree.ROS2/behaviortree_ros2) by extension 'colcon_pkg'
[0.176s] Level 1:colcon.colcon_core.package_identification:_identify(BehaviorTree.ROS2/behaviortree_ros2) by extensions ['colcon_meta']
[0.176s] Level 1:colcon.colcon_core.package_identification:_identify(BehaviorTree.ROS2/behaviortree_ros2) by extension 'colcon_meta'
[0.176s] Level 1:colcon.colcon_core.package_identification:_identify(BehaviorTree.ROS2/behaviortree_ros2) by extensions ['ros']
[0.176s] Level 1:colcon.colcon_core.package_identification:_identify(BehaviorTree.ROS2/behaviortree_ros2) by extension 'ros'
[0.179s] DEBUG:colcon.colcon_core.package_identification:Package 'BehaviorTree.ROS2/behaviortree_ros2' with type 'ros.ament_cmake' and name 'behaviortree_ros2'
[0.179s] Level 1:colcon.colcon_core.package_identification:_identify(BehaviorTree.ROS2/btcpp_ros2_interfaces) by extensions ['ignore', 'ignore_ament_install']
[0.179s] Level 1:colcon.colcon_core.package_identification:_identify(BehaviorTree.ROS2/btcpp_ros2_interfaces) by extension 'ignore'
[0.179s] Level 1:colcon.colcon_core.package_identification:_identify(BehaviorTree.ROS2/btcpp_ros2_interfaces) by extension 'ignore_ament_install'
[0.179s] Level 1:colcon.colcon_core.package_identification:_identify(BehaviorTree.ROS2/btcpp_ros2_interfaces) by extensions ['colcon_pkg']
[0.179s] Level 1:colcon.colcon_core.package_identification:_identify(BehaviorTree.ROS2/btcpp_ros2_interfaces) by extension 'colcon_pkg'
[0.179s] Level 1:colcon.colcon_core.package_identification:_identify(BehaviorTree.ROS2/btcpp_ros2_interfaces) by extensions ['colcon_meta']
[0.179s] Level 1:colcon.colcon_core.package_identification:_identify(BehaviorTree.ROS2/btcpp_ros2_interfaces) by extension 'colcon_meta'
[0.179s] Level 1:colcon.colcon_core.package_identification:_identify(BehaviorTree.ROS2/btcpp_ros2_interfaces) by extensions ['ros']
[0.180s] Level 1:colcon.colcon_core.package_identification:_identify(BehaviorTree.ROS2/btcpp_ros2_interfaces) by extension 'ros'
[0.180s] DEBUG:colcon.colcon_core.package_identification:Package 'BehaviorTree.ROS2/btcpp_ros2_interfaces' with type 'ros.ament_cmake' and name 'btcpp_ros2_interfaces'
[0.180s] Level 1:colcon.colcon_core.package_identification:_identify(BehaviorTree.ROS2/btcpp_ros2_samples) by extensions ['ignore', 'ignore_ament_install']
[0.180s] Level 1:colcon.colcon_core.package_identification:_identify(BehaviorTree.ROS2/btcpp_ros2_samples) by extension 'ignore'
[0.180s] Level 1:colcon.colcon_core.package_identification:_identify(BehaviorTree.ROS2/btcpp_ros2_samples) by extension 'ignore_ament_install'
[0.180s] Level 1:colcon.colcon_core.package_identification:_identify(BehaviorTree.ROS2/btcpp_ros2_samples) by extensions ['colcon_pkg']
[0.180s] Level 1:colcon.colcon_core.package_identification:_identify(BehaviorTree.ROS2/btcpp_ros2_samples) by extension 'colcon_pkg'
[0.180s] Level 1:colcon.colcon_core.package_identification:_identify(BehaviorTree.ROS2/btcpp_ros2_samples) by extensions ['colcon_meta']
[0.180s] Level 1:colcon.colcon_core.package_identification:_identify(BehaviorTree.ROS2/btcpp_ros2_samples) by extension 'colcon_meta'
[0.181s] Level 1:colcon.colcon_core.package_identification:_identify(BehaviorTree.ROS2/btcpp_ros2_samples) by extensions ['ros']
[0.181s] Level 1:colcon.colcon_core.package_identification:_identify(BehaviorTree.ROS2/btcpp_ros2_samples) by extension 'ros'
[0.181s] DEBUG:colcon.colcon_core.package_identification:Package 'BehaviorTree.ROS2/btcpp_ros2_samples' with type 'ros.ament_cmake' and name 'btcpp_ros2_samples'
[0.181s] Level 1:colcon.colcon_core.package_identification:_identify(ThirdParty) by extensions ['ignore', 'ignore_ament_install']
[0.181s] Level 1:colcon.colcon_core.package_identification:_identify(ThirdParty) by extension 'ignore'
[0.181s] Level 1:colcon.colcon_core.package_identification:_identify(ThirdParty) by extension 'ignore_ament_install'
[0.182s] Level 1:colcon.colcon_core.package_identification:_identify(ThirdParty) by extensions ['colcon_pkg']
[0.182s] Level 1:colcon.colcon_core.package_identification:_identify(ThirdParty) by extension 'colcon_pkg'
[0.182s] Level 1:colcon.colcon_core.package_identification:_identify(ThirdParty) by extensions ['colcon_meta']
[0.182s] Level 1:colcon.colcon_core.package_identification:_identify(ThirdParty) by extension 'colcon_meta'
[0.182s] Level 1:colcon.colcon_core.package_identification:_identify(ThirdParty) by extensions ['ros']
[0.182s] Level 1:colcon.colcon_core.package_identification:_identify(ThirdParty) by extension 'ros'
[0.182s] Level 1:colcon.colcon_core.package_identification:_identify(ThirdParty) by extensions ['cmake', 'python']
[0.182s] Level 1:colcon.colcon_core.package_identification:_identify(ThirdParty) by extension 'cmake'
[0.182s] Level 1:colcon.colcon_core.package_identification:_identify(ThirdParty) by extension 'python'
[0.182s] Level 1:colcon.colcon_core.package_identification:_identify(ThirdParty) by extensions ['python_setup_py']
[0.182s] Level 1:colcon.colcon_core.package_identification:_identify(ThirdParty) by extension 'python_setup_py'
[0.182s] Level 1:colcon.colcon_core.package_identification:_identify(build) by extensions ['ignore', 'ignore_ament_install']
[0.182s] Level 1:colcon.colcon_core.package_identification:_identify(build) by extension 'ignore'
[0.182s] Level 1:colcon.colcon_core.package_identification:_identify(build) ignored
[0.182s] Level 1:colcon.colcon_core.package_identification:_identify(docs) by extensions ['ignore', 'ignore_ament_install']
[0.182s] Level 1:colcon.colcon_core.package_identification:_identify(docs) by extension 'ignore'
[0.182s] Level 1:colcon.colcon_core.package_identification:_identify(docs) by extension 'ignore_ament_install'
[0.182s] Level 1:colcon.colcon_core.package_identification:_identify(docs) by extensions ['colcon_pkg']
[0.182s] Level 1:colcon.colcon_core.package_identification:_identify(docs) by extension 'colcon_pkg'
[0.183s] Level 1:colcon.colcon_core.package_identification:_identify(docs) by extensions ['colcon_meta']
[0.183s] Level 1:colcon.colcon_core.package_identification:_identify(docs) by extension 'colcon_meta'
[0.183s] Level 1:colcon.colcon_core.package_identification:_identify(docs) by extensions ['ros']
[0.183s] Level 1:colcon.colcon_core.package_identification:_identify(docs) by extension 'ros'
[0.183s] Level 1:colcon.colcon_core.package_identification:_identify(docs) by extensions ['cmake', 'python']
[0.183s] Level 1:colcon.colcon_core.package_identification:_identify(docs) by extension 'cmake'
[0.183s] Level 1:colcon.colcon_core.package_identification:_identify(docs) by extension 'python'
[0.183s] Level 1:colcon.colcon_core.package_identification:_identify(docs) by extensions ['python_setup_py']
[0.183s] Level 1:colcon.colcon_core.package_identification:_identify(docs) by extension 'python_setup_py'
[0.183s] Level 1:colcon.colcon_core.package_identification:_identify(docs/source) by extensions ['ignore', 'ignore_ament_install']
[0.183s] Level 1:colcon.colcon_core.package_identification:_identify(docs/source) by extension 'ignore'
[0.183s] Level 1:colcon.colcon_core.package_identification:_identify(docs/source) by extension 'ignore_ament_install'
[0.183s] Level 1:colcon.colcon_core.package_identification:_identify(docs/source) by extensions ['colcon_pkg']
[0.183s] Level 1:colcon.colcon_core.package_identification:_identify(docs/source) by extension 'colcon_pkg'
[0.183s] Level 1:colcon.colcon_core.package_identification:_identify(docs/source) by extensions ['colcon_meta']
[0.183s] Level 1:colcon.colcon_core.package_identification:_identify(docs/source) by extension 'colcon_meta'
[0.183s] Level 1:colcon.colcon_core.package_identification:_identify(docs/source) by extensions ['ros']
[0.183s] Level 1:colcon.colcon_core.package_identification:_identify(docs/source) by extension 'ros'
[0.183s] Level 1:colcon.colcon_core.package_identification:_identify(docs/source) by extensions ['cmake', 'python']
[0.183s] Level 1:colcon.colcon_core.package_identification:_identify(docs/source) by extension 'cmake'
[0.183s] Level 1:colcon.colcon_core.package_identification:_identify(docs/source) by extension 'python'
[0.183s] Level 1:colcon.colcon_core.package_identification:_identify(docs/source) by extensions ['python_setup_py']
[0.184s] Level 1:colcon.colcon_core.package_identification:_identify(docs/source) by extension 'python_setup_py'
[0.184s] Level 1:colcon.colcon_core.package_identification:_identify(docs/source/tutorials) by extensions ['ignore', 'ignore_ament_install']
[0.184s] Level 1:colcon.colcon_core.package_identification:_identify(docs/source/tutorials) by extension 'ignore'
[0.184s] Level 1:colcon.colcon_core.package_identification:_identify(docs/source/tutorials) by extension 'ignore_ament_install'
[0.184s] Level 1:colcon.colcon_core.package_identification:_identify(docs/source/tutorials) by extensions ['colcon_pkg']
[0.184s] Level 1:colcon.colcon_core.package_identification:_identify(docs/source/tutorials) by extension 'colcon_pkg'
[0.184s] Level 1:colcon.colcon_core.package_identification:_identify(docs/source/tutorials) by extensions ['colcon_meta']
[0.184s] Level 1:colcon.colcon_core.package_identification:_identify(docs/source/tutorials) by extension 'colcon_meta'
[0.184s] Level 1:colcon.colcon_core.package_identification:_identify(docs/source/tutorials) by extensions ['ros']
[0.184s] Level 1:colcon.colcon_core.package_identification:_identify(docs/source/tutorials) by extension 'ros'
[0.184s] Level 1:colcon.colcon_core.package_identification:_identify(docs/source/tutorials) by extensions ['cmake', 'python']
[0.184s] Level 1:colcon.colcon_core.package_identification:_identify(docs/source/tutorials) by extension 'cmake'
[0.184s] Level 1:colcon.colcon_core.package_identification:_identify(docs/source/tutorials) by extension 'python'
[0.184s] Level 1:colcon.colcon_core.package_identification:_identify(docs/source/tutorials) by extensions ['python_setup_py']
[0.184s] Level 1:colcon.colcon_core.package_identification:_identify(docs/source/tutorials) by extension 'python_setup_py'
[0.184s] Level 1:colcon.colcon_core.package_identification:_identify(docs/source/tutorials/docs) by extensions ['ignore', 'ignore_ament_install']
[0.184s] Level 1:colcon.colcon_core.package_identification:_identify(docs/source/tutorials/docs) by extension 'ignore'
[0.184s] Level 1:colcon.colcon_core.package_identification:_identify(docs/source/tutorials/docs) by extension 'ignore_ament_install'
[0.184s] Level 1:colcon.colcon_core.package_identification:_identify(docs/source/tutorials/docs) by extensions ['colcon_pkg']
[0.185s] Level 1:colcon.colcon_core.package_identification:_identify(docs/source/tutorials/docs) by extension 'colcon_pkg'
[0.185s] Level 1:colcon.colcon_core.package_identification:_identify(docs/source/tutorials/docs) by extensions ['colcon_meta']
[0.185s] Level 1:colcon.colcon_core.package_identification:_identify(docs/source/tutorials/docs) by extension 'colcon_meta'
[0.185s] Level 1:colcon.colcon_core.package_identification:_identify(docs/source/tutorials/docs) by extensions ['ros']
[0.185s] Level 1:colcon.colcon_core.package_identification:_identify(docs/source/tutorials/docs) by extension 'ros'
[0.185s] Level 1:colcon.colcon_core.package_identification:_identify(docs/source/tutorials/docs) by extensions ['cmake', 'python']
[0.185s] Level 1:colcon.colcon_core.package_identification:_identify(docs/source/tutorials/docs) by extension 'cmake'
[0.185s] Level 1:colcon.colcon_core.package_identification:_identify(docs/source/tutorials/docs) by extension 'python'
[0.185s] Level 1:colcon.colcon_core.package_identification:_identify(docs/source/tutorials/docs) by extensions ['python_setup_py']
[0.185s] Level 1:colcon.colcon_core.package_identification:_identify(docs/source/tutorials/docs) by extension 'python_setup_py'
[0.185s] Level 1:colcon.colcon_core.package_identification:_identify(grab2_behavior_tree) by extensions ['ignore', 'ignore_ament_install']
[0.185s] Level 1:colcon.colcon_core.package_identification:_identify(grab2_behavior_tree) by extension 'ignore'
[0.185s] Level 1:colcon.colcon_core.package_identification:_identify(grab2_behavior_tree) by extension 'ignore_ament_install'
[0.185s] Level 1:colcon.colcon_core.package_identification:_identify(grab2_behavior_tree) by extensions ['colcon_pkg']
[0.185s] Level 1:colcon.colcon_core.package_identification:_identify(grab2_behavior_tree) by extension 'colcon_pkg'
[0.185s] Level 1:colcon.colcon_core.package_identification:_identify(grab2_behavior_tree) by extensions ['colcon_meta']
[0.185s] Level 1:colcon.colcon_core.package_identification:_identify(grab2_behavior_tree) by extension 'colcon_meta'
[0.185s] Level 1:colcon.colcon_core.package_identification:_identify(grab2_behavior_tree) by extensions ['ros']
[0.185s] Level 1:colcon.colcon_core.package_identification:_identify(grab2_behavior_tree) by extension 'ros'
[0.187s] DEBUG:colcon.colcon_core.package_identification:Package 'grab2_behavior_tree' with type 'ros.ament_cmake' and name 'grab2_behavior_tree'
[0.187s] Level 1:colcon.colcon_core.package_identification:_identify(grab2_bt_grabber) by extensions ['ignore', 'ignore_ament_install']
[0.187s] Level 1:colcon.colcon_core.package_identification:_identify(grab2_bt_grabber) by extension 'ignore'
[0.187s] Level 1:colcon.colcon_core.package_identification:_identify(grab2_bt_grabber) by extension 'ignore_ament_install'
[0.187s] Level 1:colcon.colcon_core.package_identification:_identify(grab2_bt_grabber) by extensions ['colcon_pkg']
[0.187s] Level 1:colcon.colcon_core.package_identification:_identify(grab2_bt_grabber) by extension 'colcon_pkg'
[0.187s] Level 1:colcon.colcon_core.package_identification:_identify(grab2_bt_grabber) by extensions ['colcon_meta']
[0.187s] Level 1:colcon.colcon_core.package_identification:_identify(grab2_bt_grabber) by extension 'colcon_meta'
[0.187s] Level 1:colcon.colcon_core.package_identification:_identify(grab2_bt_grabber) by extensions ['ros']
[0.187s] Level 1:colcon.colcon_core.package_identification:_identify(grab2_bt_grabber) by extension 'ros'
[0.189s] DEBUG:colcon.colcon_core.package_identification:Package 'grab2_bt_grabber' with type 'ros.ament_cmake' and name 'grab2_bt_grabber'
[0.189s] Level 1:colcon.colcon_core.package_identification:_identify(grab2_bt_testing_pkg) by extensions ['ignore', 'ignore_ament_install']
[0.189s] Level 1:colcon.colcon_core.package_identification:_identify(grab2_bt_testing_pkg) by extension 'ignore'
[0.190s] Level 1:colcon.colcon_core.package_identification:_identify(grab2_bt_testing_pkg) by extension 'ignore_ament_install'
[0.190s] Level 1:colcon.colcon_core.package_identification:_identify(grab2_bt_testing_pkg) by extensions ['colcon_pkg']
[0.190s] Level 1:colcon.colcon_core.package_identification:_identify(grab2_bt_testing_pkg) by extension 'colcon_pkg'
[0.190s] Level 1:colcon.colcon_core.package_identification:_identify(grab2_bt_testing_pkg) by extensions ['colcon_meta']
[0.190s] Level 1:colcon.colcon_core.package_identification:_identify(grab2_bt_testing_pkg) by extension 'colcon_meta'
[0.190s] Level 1:colcon.colcon_core.package_identification:_identify(grab2_bt_testing_pkg) by extensions ['ros']
[0.190s] Level 1:colcon.colcon_core.package_identification:_identify(grab2_bt_testing_pkg) by extension 'ros'
[0.191s] DEBUG:colcon.colcon_core.package_identification:Package 'grab2_bt_testing_pkg' with type 'ros.ament_cmake' and name 'grab2_bt_testing_pkg'
[0.191s] Level 1:colcon.colcon_core.package_identification:_identify(grab2_msgs) by extensions ['ignore', 'ignore_ament_install']
[0.191s] Level 1:colcon.colcon_core.package_identification:_identify(grab2_msgs) by extension 'ignore'
[0.191s] Level 1:colcon.colcon_core.package_identification:_identify(grab2_msgs) by extension 'ignore_ament_install'
[0.191s] Level 1:colcon.colcon_core.package_identification:_identify(grab2_msgs) by extensions ['colcon_pkg']
[0.191s] Level 1:colcon.colcon_core.package_identification:_identify(grab2_msgs) by extension 'colcon_pkg'
[0.192s] Level 1:colcon.colcon_core.package_identification:_identify(grab2_msgs) by extensions ['colcon_meta']
[0.192s] Level 1:colcon.colcon_core.package_identification:_identify(grab2_msgs) by extension 'colcon_meta'
[0.192s] Level 1:colcon.colcon_core.package_identification:_identify(grab2_msgs) by extensions ['ros']
[0.192s] Level 1:colcon.colcon_core.package_identification:_identify(grab2_msgs) by extension 'ros'
[0.193s] DEBUG:colcon.colcon_core.package_identification:Package 'grab2_msgs' with type 'ros.ament_cmake' and name 'grab2_msgs'
[0.193s] Level 1:colcon.colcon_core.package_identification:_identify(grab2_planner) by extensions ['ignore', 'ignore_ament_install']
[0.193s] Level 1:colcon.colcon_core.package_identification:_identify(grab2_planner) by extension 'ignore'
[0.193s] Level 1:colcon.colcon_core.package_identification:_identify(grab2_planner) by extension 'ignore_ament_install'
[0.193s] Level 1:colcon.colcon_core.package_identification:_identify(grab2_planner) by extensions ['colcon_pkg']
[0.193s] Level 1:colcon.colcon_core.package_identification:_identify(grab2_planner) by extension 'colcon_pkg'
[0.193s] Level 1:colcon.colcon_core.package_identification:_identify(grab2_planner) by extensions ['colcon_meta']
[0.193s] Level 1:colcon.colcon_core.package_identification:_identify(grab2_planner) by extension 'colcon_meta'
[0.193s] Level 1:colcon.colcon_core.package_identification:_identify(grab2_planner) by extensions ['ros']
[0.193s] Level 1:colcon.colcon_core.package_identification:_identify(grab2_planner) by extension 'ros'
[0.195s] DEBUG:colcon.colcon_core.package_identification:Package 'grab2_planner' with type 'ros.ament_cmake' and name 'grab2_planner'
[0.195s] Level 1:colcon.colcon_core.package_identification:_identify(grab2_ros_common) by extensions ['ignore', 'ignore_ament_install']
[0.195s] Level 1:colcon.colcon_core.package_identification:_identify(grab2_ros_common) by extension 'ignore'
[0.195s] Level 1:colcon.colcon_core.package_identification:_identify(grab2_ros_common) by extension 'ignore_ament_install'
[0.195s] Level 1:colcon.colcon_core.package_identification:_identify(grab2_ros_common) by extensions ['colcon_pkg']
[0.195s] Level 1:colcon.colcon_core.package_identification:_identify(grab2_ros_common) by extension 'colcon_pkg'
[0.195s] Level 1:colcon.colcon_core.package_identification:_identify(grab2_ros_common) by extensions ['colcon_meta']
[0.195s] Level 1:colcon.colcon_core.package_identification:_identify(grab2_ros_common) by extension 'colcon_meta'
[0.195s] Level 1:colcon.colcon_core.package_identification:_identify(grab2_ros_common) by extensions ['ros']
[0.195s] Level 1:colcon.colcon_core.package_identification:_identify(grab2_ros_common) by extension 'ros'
[0.196s] DEBUG:colcon.colcon_core.package_identification:Package 'grab2_ros_common' with type 'ros.ament_cmake' and name 'grab2_ros_common'
[0.197s] Level 1:colcon.colcon_core.package_identification:_identify(install) by extensions ['ignore', 'ignore_ament_install']
[0.197s] Level 1:colcon.colcon_core.package_identification:_identify(install) by extension 'ignore'
[0.197s] Level 1:colcon.colcon_core.package_identification:_identify(install) ignored
[0.197s] Level 1:colcon.colcon_core.package_identification:_identify(log) by extensions ['ignore', 'ignore_ament_install']
[0.197s] Level 1:colcon.colcon_core.package_identification:_identify(log) by extension 'ignore'
[0.197s] Level 1:colcon.colcon_core.package_identification:_identify(log) ignored
[0.197s] Level 1:colcon.colcon_core.package_identification:_identify(tiago_grab) by extensions ['ignore', 'ignore_ament_install']
[0.197s] Level 1:colcon.colcon_core.package_identification:_identify(tiago_grab) by extension 'ignore'
[0.197s] Level 1:colcon.colcon_core.package_identification:_identify(tiago_grab) by extension 'ignore_ament_install'
[0.197s] Level 1:colcon.colcon_core.package_identification:_identify(tiago_grab) by extensions ['colcon_pkg']
[0.197s] Level 1:colcon.colcon_core.package_identification:_identify(tiago_grab) by extension 'colcon_pkg'
[0.197s] Level 1:colcon.colcon_core.package_identification:_identify(tiago_grab) by extensions ['colcon_meta']
[0.197s] Level 1:colcon.colcon_core.package_identification:_identify(tiago_grab) by extension 'colcon_meta'
[0.197s] Level 1:colcon.colcon_core.package_identification:_identify(tiago_grab) by extensions ['ros']
[0.197s] Level 1:colcon.colcon_core.package_identification:_identify(tiago_grab) by extension 'ros'
[0.198s] DEBUG:colcon.colcon_core.package_identification:Package 'tiago_grab' with type 'ros.ament_cmake' and name 'tiago_grab'
[0.198s] Level 1:colcon.colcon_core.package_identification:_identify(tiago_nav) by extensions ['ignore', 'ignore_ament_install']
[0.198s] Level 1:colcon.colcon_core.package_identification:_identify(tiago_nav) by extension 'ignore'
[0.198s] Level 1:colcon.colcon_core.package_identification:_identify(tiago_nav) by extension 'ignore_ament_install'
[0.198s] Level 1:colcon.colcon_core.package_identification:_identify(tiago_nav) by extensions ['colcon_pkg']
[0.198s] Level 1:colcon.colcon_core.package_identification:_identify(tiago_nav) by extension 'colcon_pkg'
[0.198s] Level 1:colcon.colcon_core.package_identification:_identify(tiago_nav) by extensions ['colcon_meta']
[0.198s] Level 1:colcon.colcon_core.package_identification:_identify(tiago_nav) by extension 'colcon_meta'
[0.198s] Level 1:colcon.colcon_core.package_identification:_identify(tiago_nav) by extensions ['ros']
[0.198s] Level 1:colcon.colcon_core.package_identification:_identify(tiago_nav) by extension 'ros'
[0.199s] DEBUG:colcon.colcon_core.package_identification:Package 'tiago_nav' with type 'ros.ament_cmake' and name 'tiago_nav'
[0.199s] Level 1:colcon.colcon_core.package_identification:_identify(tiago_sim) by extensions ['ignore', 'ignore_ament_install']
[0.199s] Level 1:colcon.colcon_core.package_identification:_identify(tiago_sim) by extension 'ignore'
[0.199s] Level 1:colcon.colcon_core.package_identification:_identify(tiago_sim) by extension 'ignore_ament_install'
[0.199s] Level 1:colcon.colcon_core.package_identification:_identify(tiago_sim) by extensions ['colcon_pkg']
[0.199s] Level 1:colcon.colcon_core.package_identification:_identify(tiago_sim) by extension 'colcon_pkg'
[0.199s] Level 1:colcon.colcon_core.package_identification:_identify(tiago_sim) by extensions ['colcon_meta']
[0.199s] Level 1:colcon.colcon_core.package_identification:_identify(tiago_sim) by extension 'colcon_meta'
[0.199s] Level 1:colcon.colcon_core.package_identification:_identify(tiago_sim) by extensions ['ros']
[0.199s] Level 1:colcon.colcon_core.package_identification:_identify(tiago_sim) by extension 'ros'
[0.200s] DEBUG:colcon.colcon_core.package_identification:Package 'tiago_sim' with type 'ros.ament_cmake' and name 'tiago_sim'
[0.200s] Level 1:colcon.colcon_core.package_identification:_identify(tiago_slam) by extensions ['ignore', 'ignore_ament_install']
[0.200s] Level 1:colcon.colcon_core.package_identification:_identify(tiago_slam) by extension 'ignore'
[0.200s] Level 1:colcon.colcon_core.package_identification:_identify(tiago_slam) by extension 'ignore_ament_install'
[0.200s] Level 1:colcon.colcon_core.package_identification:_identify(tiago_slam) by extensions ['colcon_pkg']
[0.200s] Level 1:colcon.colcon_core.package_identification:_identify(tiago_slam) by extension 'colcon_pkg'
[0.200s] Level 1:colcon.colcon_core.package_identification:_identify(tiago_slam) by extensions ['colcon_meta']
[0.200s] Level 1:colcon.colcon_core.package_identification:_identify(tiago_slam) by extension 'colcon_meta'
[0.200s] Level 1:colcon.colcon_core.package_identification:_identify(tiago_slam) by extensions ['ros']
[0.200s] Level 1:colcon.colcon_core.package_identification:_identify(tiago_slam) by extension 'ros'
[0.201s] DEBUG:colcon.colcon_core.package_identification:Package 'tiago_slam' with type 'ros.ament_cmake' and name 'tiago_slam'
[0.201s] Level 1:colcon.colcon_core.package_discovery:discover_packages(recursive) using defaults
[0.201s] Level 1:colcon.colcon_core.package_discovery:discover_packages(ignore) discover
[0.201s] Level 1:colcon.colcon_core.package_discovery:discover_packages(ignore) using defaults
[0.201s] Level 1:colcon.colcon_core.package_discovery:discover_packages(path) discover
[0.201s] Level 1:colcon.colcon_core.package_discovery:discover_packages(path) using defaults
[0.222s] INFO:colcon.colcon_core.package_selection:Skipping not selected package 'btcpp_ros2_interfaces' in 'BehaviorTree.ROS2/btcpp_ros2_interfaces'
[0.222s] INFO:colcon.colcon_core.package_selection:Skipping not selected package 'tiago_nav' in 'tiago_nav'
[0.222s] INFO:colcon.colcon_core.package_selection:Skipping not selected package 'tiago_sim' in 'tiago_sim'
[0.222s] INFO:colcon.colcon_core.package_selection:Skipping not selected package 'tiago_slam' in 'tiago_slam'
[0.222s] INFO:colcon.colcon_core.package_selection:Skipping not selected package 'behaviortree_ros2' in 'BehaviorTree.ROS2/behaviortree_ros2'
[0.222s] INFO:colcon.colcon_core.package_selection:Skipping not selected package 'grab2_msgs' in 'grab2_msgs'
[0.222s] INFO:colcon.colcon_core.package_selection:Skipping not selected package 'btcpp_ros2_samples' in 'BehaviorTree.ROS2/btcpp_ros2_samples'
[0.222s] INFO:colcon.colcon_core.package_selection:Skipping not selected package 'grab2_behavior_tree' in 'grab2_behavior_tree'
[0.222s] INFO:colcon.colcon_core.package_selection:Skipping not selected package 'grab2_ros_common' in 'grab2_ros_common'
[0.222s] INFO:colcon.colcon_core.package_selection:Skipping not selected package 'grab2_bt_grabber' in 'grab2_bt_grabber'
[0.222s] INFO:colcon.colcon_core.package_selection:Skipping not selected package 'grab2_planner' in 'grab2_planner'
[0.222s] INFO:colcon.colcon_core.package_selection:Skipping not selected package 'tiago_grab' in 'tiago_grab'
[0.223s] Level 1:colcon.colcon_core.package_discovery:discover_packages(prefix_path) check parameters
[0.223s] Level 1:colcon.colcon_core.package_discovery:discover_packages(prefix_path) discover
[0.224s] WARNING:colcon.colcon_ros.prefix_path.ament:The path '/home/zaynap/Projects/Bt/install/tiago_grab' in the environment variable AMENT_PREFIX_PATH doesn't exist
[0.224s] WARNING:colcon.colcon_ros.prefix_path.ament:The path '/home/zaynap/Projects/Bt/install/grab2_planner' in the environment variable AMENT_PREFIX_PATH doesn't exist
[0.224s] WARNING:colcon.colcon_ros.prefix_path.ament:The path '/home/zaynap/Projects/Bt/install/grab2_bt_grabber' in the environment variable AMENT_PREFIX_PATH doesn't exist
[0.224s] WARNING:colcon.colcon_ros.prefix_path.ament:The path '/home/zaynap/Projects/Bt/install/grab2_behavior_tree' in the environment variable AMENT_PREFIX_PATH doesn't exist
[0.224s] WARNING:colcon.colcon_ros.prefix_path.ament:The path '/home/zaynap/Projects/Bt/install/btcpp_ros2_samples' in the environment variable AMENT_PREFIX_PATH doesn't exist
[0.224s] WARNING:colcon.colcon_ros.prefix_path.catkin:The path '/home/zaynap/Projects/Bt/install/tiago_grab' in the environment variable CMAKE_PREFIX_PATH doesn't exist
[0.224s] WARNING:colcon.colcon_ros.prefix_path.catkin:The path '/home/zaynap/Projects/Bt/install/grab2_planner' in the environment variable CMAKE_PREFIX_PATH doesn't exist
[0.224s] WARNING:colcon.colcon_ros.prefix_path.catkin:The path '/home/zaynap/Projects/Bt/install/grab2_bt_grabber' in the environment variable CMAKE_PREFIX_PATH doesn't exist
[0.224s] WARNING:colcon.colcon_ros.prefix_path.catkin:The path '/home/zaynap/Projects/Bt/install/grab2_behavior_tree' in the environment variable CMAKE_PREFIX_PATH doesn't exist
[0.224s] WARNING:colcon.colcon_ros.prefix_path.catkin:The path '/home/zaynap/Projects/Bt/install/btcpp_ros2_samples' in the environment variable CMAKE_PREFIX_PATH doesn't exist
[0.225s] DEBUG:colcon.colcon_installed_package_information.package_discovery:Found 8 installed packages in /home/zaynap/Projects/Bt/install
[0.227s] DEBUG:colcon.colcon_installed_package_information.package_discovery:Found 459 installed packages in /opt/ros/humble
[0.229s] Level 1:colcon.colcon_core.package_discovery:discover_packages(prefix_path) using defaults
[0.290s] Level 5:colcon.colcon_core.verb:set package 'grab2_bt_testing_pkg' build argument 'cmake_args' from command line to 'None'
[0.291s] Level 5:colcon.colcon_core.verb:set package 'grab2_bt_testing_pkg' build argument 'cmake_target' from command line to 'None'
[0.291s] Level 5:colcon.colcon_core.verb:set package 'grab2_bt_testing_pkg' build argument 'cmake_target_skip_unavailable' from command line to 'False'
[0.291s] Level 5:colcon.colcon_core.verb:set package 'grab2_bt_testing_pkg' build argument 'cmake_clean_cache' from command line to 'False'
[0.291s] Level 5:colcon.colcon_core.verb:set package 'grab2_bt_testing_pkg' build argument 'cmake_clean_first' from command line to 'False'
[0.291s] Level 5:colcon.colcon_core.verb:set package 'grab2_bt_testing_pkg' build argument 'cmake_force_configure' from command line to 'False'
[0.291s] Level 5:colcon.colcon_core.verb:set package 'grab2_bt_testing_pkg' build argument 'ament_cmake_args' from command line to 'None'
[0.291s] Level 5:colcon.colcon_core.verb:set package 'grab2_bt_testing_pkg' build argument 'catkin_cmake_args' from command line to 'None'
[0.291s] Level 5:colcon.colcon_core.verb:set package 'grab2_bt_testing_pkg' build argument 'catkin_skip_building_tests' from command line to 'False'
[0.291s] DEBUG:colcon.colcon_core.verb:Building package 'grab2_bt_testing_pkg' with the following arguments: {'ament_cmake_args': None, 'build_base': '/home/zaynap/Projects/Bt/build/grab2_bt_testing_pkg', 'catkin_cmake_args': None, 'catkin_skip_building_tests': False, 'cmake_args': None, 'cmake_clean_cache': False, 'cmake_clean_first': False, 'cmake_force_configure': False, 'cmake_target': None, 'cmake_target_skip_unavailable': False, 'install_base': '/home/zaynap/Projects/Bt/install/grab2_bt_testing_pkg', 'merge_install': False, 'path': '/home/zaynap/Projects/Bt/grab2_bt_testing_pkg', 'symlink_install': False, 'test_result_base': None}
[0.291s] INFO:colcon.colcon_core.executor:Executing jobs using 'parallel' executor
[0.292s] DEBUG:colcon.colcon_parallel_executor.executor.parallel:run_until_complete
[0.292s] INFO:colcon.colcon_ros.task.ament_cmake.build:Building ROS package in '/home/zaynap/Projects/Bt/grab2_bt_testing_pkg' with build type 'ament_cmake'
[0.292s] INFO:colcon.colcon_cmake.task.cmake.build:Building CMake package in '/home/zaynap/Projects/Bt/grab2_bt_testing_pkg'
[0.294s] INFO:colcon.colcon_core.plugin_system:Skipping extension 'colcon_core.shell.bat': Not used on non-Windows systems
[0.294s] INFO:colcon.colcon_core.shell:Skip shell extension 'powershell' for command environment: Not usable outside of PowerShell
[0.294s] DEBUG:colcon.colcon_core.shell:Skip shell extension 'dsv' for command environment
[0.309s] DEBUG:colcon.colcon_core.event_handler.log_command:Invoking command in '/home/zaynap/Projects/Bt/build/grab2_bt_testing_pkg': CMAKE_PREFIX_PATH=/home/zaynap/Projects/Bt/install/grab2_ros_common:/home/zaynap/Projects/Bt/install/grab2_msgs:/home/zaynap/Projects/Bt/install/behaviortree_ros2:/home/zaynap/Projects/Bt/install/btcpp_ros2_interfaces:/home/zaynap/Projects/Bt/install/tiago_slam:/home/zaynap/Projects/Bt/install/tiago_sim:/home/zaynap/Projects/Bt/install/tiago_nav:/home/zaynap/Projects/Bt/install/tiago_grab:/home/zaynap/Projects/Bt/install/grab2_planner:/home/zaynap/Projects/Bt/install/grab2_bt_testing_pkg:/home/zaynap/Projects/Bt/install/grab2_bt_grabber:/home/zaynap/Projects/Bt/install/grab2_behavior_tree:/home/zaynap/Projects/Bt/install/btcpp_ros2_samples:/opt/ros/humble LD_LIBRARY_PATH=/home/zaynap/Projects/Bt/install/grab2_msgs/lib:/home/zaynap/Projects/Bt/install/btcpp_ros2_interfaces/lib:/home/zaynap/Projects/Bt/install/grab2_planner/lib:/home/zaynap/Projects/Bt/install/grab2_bt_testing_pkg/lib:/home/zaynap/Projects/Bt/install/grab2_bt_grabber/lib:/home/zaynap/Projects/Bt/install/grab2_behavior_tree/lib:/home/zaynap/Projects/Bt/install/behaviortree_ros2/lib:/usr/lib/x86_64-linux-gnu/gazebo-11/plugins:/opt/ros/humble/opt/rviz_ogre_vendor/lib:/opt/ros/humble/lib/x86_64-linux-gnu:/opt/ros/humble/lib /usr/bin/cmake --build /home/zaynap/Projects/Bt/build/grab2_bt_testing_pkg -- -j8 -l8
[5.994s] DEBUG:colcon.colcon_core.event_handler.log_command:Invoked command in '/home/zaynap/Projects/Bt/build/grab2_bt_testing_pkg' returned '0': CMAKE_PREFIX_PATH=/home/zaynap/Projects/Bt/install/grab2_ros_common:/home/zaynap/Projects/Bt/install/grab2_msgs:/home/zaynap/Projects/Bt/install/behaviortree_ros2:/home/zaynap/Projects/Bt/install/btcpp_ros2_interfaces:/home/zaynap/Projects/Bt/install/tiago_slam:/home/zaynap/Projects/Bt/install/tiago_sim:/home/zaynap/Projects/Bt/install/tiago_nav:/home/zaynap/Projects/Bt/install/tiago_grab:/home/zaynap/Projects/Bt/install/grab2_planner:/home/zaynap/Projects/Bt/install/grab2_bt_testing_pkg:/home/zaynap/Projects/Bt/install/grab2_bt_grabber:/home/zaynap/Projects/Bt/install/grab2_behavior_tree:/home/zaynap/Projects/Bt/install/btcpp_ros2_samples:/opt/ros/humble LD_LIBRARY_PATH=/home/zaynap/Projects/Bt/install/grab2_msgs/lib:/home/zaynap/Projects/Bt/install/btcpp_ros2_interfaces/lib:/home/zaynap/Projects/Bt/install/grab2_planner/lib:/home/zaynap/Projects/Bt/install/grab2_bt_testing_pkg/lib:/home/zaynap/Projects/Bt/install/grab2_bt_grabber/lib:/home/zaynap/Projects/Bt/install/grab2_behavior_tree/lib:/home/zaynap/Projects/Bt/install/behaviortree_ros2/lib:/usr/lib/x86_64-linux-gnu/gazebo-11/plugins:/opt/ros/humble/opt/rviz_ogre_vendor/lib:/opt/ros/humble/lib/x86_64-linux-gnu:/opt/ros/humble/lib /usr/bin/cmake --build /home/zaynap/Projects/Bt/build/grab2_bt_testing_pkg -- -j8 -l8
[6.002s] DEBUG:colcon.colcon_core.event_handler.log_command:Invoking command in '/home/zaynap/Projects/Bt/build/grab2_bt_testing_pkg': CMAKE_PREFIX_PATH=/home/zaynap/Projects/Bt/install/grab2_ros_common:/home/zaynap/Projects/Bt/install/grab2_msgs:/home/zaynap/Projects/Bt/install/behaviortree_ros2:/home/zaynap/Projects/Bt/install/btcpp_ros2_interfaces:/home/zaynap/Projects/Bt/install/tiago_slam:/home/zaynap/Projects/Bt/install/tiago_sim:/home/zaynap/Projects/Bt/install/tiago_nav:/home/zaynap/Projects/Bt/install/tiago_grab:/home/zaynap/Projects/Bt/install/grab2_planner:/home/zaynap/Projects/Bt/install/grab2_bt_testing_pkg:/home/zaynap/Projects/Bt/install/grab2_bt_grabber:/home/zaynap/Projects/Bt/install/grab2_behavior_tree:/home/zaynap/Projects/Bt/install/btcpp_ros2_samples:/opt/ros/humble LD_LIBRARY_PATH=/home/zaynap/Projects/Bt/install/grab2_msgs/lib:/home/zaynap/Projects/Bt/install/btcpp_ros2_interfaces/lib:/home/zaynap/Projects/Bt/install/grab2_planner/lib:/home/zaynap/Projects/Bt/install/grab2_bt_testing_pkg/lib:/home/zaynap/Projects/Bt/install/grab2_bt_grabber/lib:/home/zaynap/Projects/Bt/install/grab2_behavior_tree/lib:/home/zaynap/Projects/Bt/install/behaviortree_ros2/lib:/usr/lib/x86_64-linux-gnu/gazebo-11/plugins:/opt/ros/humble/opt/rviz_ogre_vendor/lib:/opt/ros/humble/lib/x86_64-linux-gnu:/opt/ros/humble/lib /usr/bin/cmake --install /home/zaynap/Projects/Bt/build/grab2_bt_testing_pkg
[6.020s] Level 1:colcon.colcon_core.environment:create_environment_scripts_only(grab2_bt_testing_pkg)
[6.020s] DEBUG:colcon.colcon_core.event_handler.log_command:Invoked command in '/home/zaynap/Projects/Bt/build/grab2_bt_testing_pkg' returned '0': CMAKE_PREFIX_PATH=/home/zaynap/Projects/Bt/install/grab2_ros_common:/home/zaynap/Projects/Bt/install/grab2_msgs:/home/zaynap/Projects/Bt/install/behaviortree_ros2:/home/zaynap/Projects/Bt/install/btcpp_ros2_interfaces:/home/zaynap/Projects/Bt/install/tiago_slam:/home/zaynap/Projects/Bt/install/tiago_sim:/home/zaynap/Projects/Bt/install/tiago_nav:/home/zaynap/Projects/Bt/install/tiago_grab:/home/zaynap/Projects/Bt/install/grab2_planner:/home/zaynap/Projects/Bt/install/grab2_bt_testing_pkg:/home/zaynap/Projects/Bt/install/grab2_bt_grabber:/home/zaynap/Projects/Bt/install/grab2_behavior_tree:/home/zaynap/Projects/Bt/install/btcpp_ros2_samples:/opt/ros/humble LD_LIBRARY_PATH=/home/zaynap/Projects/Bt/install/grab2_msgs/lib:/home/zaynap/Projects/Bt/install/btcpp_ros2_interfaces/lib:/home/zaynap/Projects/Bt/install/grab2_planner/lib:/home/zaynap/Projects/Bt/install/grab2_bt_testing_pkg/lib:/home/zaynap/Projects/Bt/install/grab2_bt_grabber/lib:/home/zaynap/Projects/Bt/install/grab2_behavior_tree/lib:/home/zaynap/Projects/Bt/install/behaviortree_ros2/lib:/usr/lib/x86_64-linux-gnu/gazebo-11/plugins:/opt/ros/humble/opt/rviz_ogre_vendor/lib:/opt/ros/humble/lib/x86_64-linux-gnu:/opt/ros/humble/lib /usr/bin/cmake --install /home/zaynap/Projects/Bt/build/grab2_bt_testing_pkg
[6.024s] Level 1:colcon.colcon_core.environment:checking '/home/zaynap/Projects/Bt/install/grab2_bt_testing_pkg' for CMake module files
[6.024s] Level 1:colcon.colcon_core.environment:checking '/home/zaynap/Projects/Bt/install/grab2_bt_testing_pkg' for CMake config files
[6.025s] Level 1:colcon.colcon_core.shell:create_environment_hook('grab2_bt_testing_pkg', 'cmake_prefix_path')
[6.025s] INFO:colcon.colcon_core.shell:Creating environment hook '/home/zaynap/Projects/Bt/install/grab2_bt_testing_pkg/share/grab2_bt_testing_pkg/hook/cmake_prefix_path.ps1'
[6.026s] INFO:colcon.colcon_core.shell:Creating environment descriptor '/home/zaynap/Projects/Bt/install/grab2_bt_testing_pkg/share/grab2_bt_testing_pkg/hook/cmake_prefix_path.dsv'
[6.026s] INFO:colcon.colcon_core.shell:Creating environment hook '/home/zaynap/Projects/Bt/install/grab2_bt_testing_pkg/share/grab2_bt_testing_pkg/hook/cmake_prefix_path.sh'
[6.027s] Level 1:colcon.colcon_core.environment:checking '/home/zaynap/Projects/Bt/install/grab2_bt_testing_pkg/lib'
[6.027s] Level 1:colcon.colcon_core.environment:checking '/home/zaynap/Projects/Bt/install/grab2_bt_testing_pkg/bin'
[6.027s] Level 1:colcon.colcon_core.environment:checking '/home/zaynap/Projects/Bt/install/grab2_bt_testing_pkg/lib/pkgconfig/grab2_bt_testing_pkg.pc'
[6.028s] Level 1:colcon.colcon_core.environment:checking '/home/zaynap/Projects/Bt/install/grab2_bt_testing_pkg/lib/python3.10/site-packages'
[6.028s] Level 1:colcon.colcon_core.environment:checking '/home/zaynap/Projects/Bt/install/grab2_bt_testing_pkg/bin'
[6.028s] INFO:colcon.colcon_core.shell:Creating package script '/home/zaynap/Projects/Bt/install/grab2_bt_testing_pkg/share/grab2_bt_testing_pkg/package.ps1'
[6.029s] INFO:colcon.colcon_core.shell:Creating package descriptor '/home/zaynap/Projects/Bt/install/grab2_bt_testing_pkg/share/grab2_bt_testing_pkg/package.dsv'
[6.029s] INFO:colcon.colcon_core.shell:Creating package script '/home/zaynap/Projects/Bt/install/grab2_bt_testing_pkg/share/grab2_bt_testing_pkg/package.sh'
[6.030s] INFO:colcon.colcon_core.shell:Creating package script '/home/zaynap/Projects/Bt/install/grab2_bt_testing_pkg/share/grab2_bt_testing_pkg/package.bash'
[6.031s] INFO:colcon.colcon_core.shell:Creating package script '/home/zaynap/Projects/Bt/install/grab2_bt_testing_pkg/share/grab2_bt_testing_pkg/package.zsh'
[6.031s] Level 1:colcon.colcon_core.environment:create_file_with_runtime_dependencies(/home/zaynap/Projects/Bt/install/grab2_bt_testing_pkg/share/colcon-core/packages/grab2_bt_testing_pkg)
[6.032s] Level 1:colcon.colcon_core.environment:create_environment_scripts_only(grab2_bt_testing_pkg)
[6.032s] Level 1:colcon.colcon_core.environment:checking '/home/zaynap/Projects/Bt/install/grab2_bt_testing_pkg' for CMake module files
[6.033s] Level 1:colcon.colcon_core.environment:checking '/home/zaynap/Projects/Bt/install/grab2_bt_testing_pkg' for CMake config files
[6.033s] Level 1:colcon.colcon_core.shell:create_environment_hook('grab2_bt_testing_pkg', 'cmake_prefix_path')
[6.033s] INFO:colcon.colcon_core.shell:Creating environment hook '/home/zaynap/Projects/Bt/install/grab2_bt_testing_pkg/share/grab2_bt_testing_pkg/hook/cmake_prefix_path.ps1'
[6.033s] INFO:colcon.colcon_core.shell:Creating environment descriptor '/home/zaynap/Projects/Bt/install/grab2_bt_testing_pkg/share/grab2_bt_testing_pkg/hook/cmake_prefix_path.dsv'
[6.034s] INFO:colcon.colcon_core.shell:Creating environment hook '/home/zaynap/Projects/Bt/install/grab2_bt_testing_pkg/share/grab2_bt_testing_pkg/hook/cmake_prefix_path.sh'
[6.034s] Level 1:colcon.colcon_core.environment:checking '/home/zaynap/Projects/Bt/install/grab2_bt_testing_pkg/lib'
[6.034s] Level 1:colcon.colcon_core.environment:checking '/home/zaynap/Projects/Bt/install/grab2_bt_testing_pkg/bin'
[6.034s] Level 1:colcon.colcon_core.environment:checking '/home/zaynap/Projects/Bt/install/grab2_bt_testing_pkg/lib/pkgconfig/grab2_bt_testing_pkg.pc'
[6.035s] Level 1:colcon.colcon_core.environment:checking '/home/zaynap/Projects/Bt/install/grab2_bt_testing_pkg/lib/python3.10/site-packages'
[6.035s] Level 1:colcon.colcon_core.environment:checking '/home/zaynap/Projects/Bt/install/grab2_bt_testing_pkg/bin'
[6.035s] INFO:colcon.colcon_core.shell:Creating package script '/home/zaynap/Projects/Bt/install/grab2_bt_testing_pkg/share/grab2_bt_testing_pkg/package.ps1'
[6.036s] INFO:colcon.colcon_core.shell:Creating package descriptor '/home/zaynap/Projects/Bt/install/grab2_bt_testing_pkg/share/grab2_bt_testing_pkg/package.dsv'
[6.036s] INFO:colcon.colcon_core.shell:Creating package script '/home/zaynap/Projects/Bt/install/grab2_bt_testing_pkg/share/grab2_bt_testing_pkg/package.sh'
[6.037s] INFO:colcon.colcon_core.shell:Creating package script '/home/zaynap/Projects/Bt/install/grab2_bt_testing_pkg/share/grab2_bt_testing_pkg/package.bash'
[6.037s] INFO:colcon.colcon_core.shell:Creating package script '/home/zaynap/Projects/Bt/install/grab2_bt_testing_pkg/share/grab2_bt_testing_pkg/package.zsh'
[6.037s] Level 1:colcon.colcon_core.environment:create_file_with_runtime_dependencies(/home/zaynap/Projects/Bt/install/grab2_bt_testing_pkg/share/colcon-core/packages/grab2_bt_testing_pkg)
[6.038s] DEBUG:colcon.colcon_parallel_executor.executor.parallel:closing loop
[6.038s] DEBUG:colcon.colcon_parallel_executor.executor.parallel:loop closed
[6.038s] DEBUG:colcon.colcon_parallel_executor.executor.parallel:run_until_complete finished with '0'
[6.038s] DEBUG:colcon.colcon_core.event_reactor:joining thread
[6.043s] INFO:colcon.colcon_core.plugin_system:Skipping extension 'colcon_notification.desktop_notification.terminal_notifier': Not used on non-Darwin systems
[6.043s] INFO:colcon.colcon_core.plugin_system:Skipping extension 'colcon_notification.desktop_notification.win32': Not used on non-Windows systems
[6.043s] INFO:colcon.colcon_notification.desktop_notification:Sending desktop notification using 'notify2'
[6.053s] DEBUG:colcon.colcon_core.event_reactor:joined thread
[6.053s] INFO:colcon.colcon_core.shell:Creating prefix script '/home/zaynap/Projects/Bt/install/local_setup.ps1'
[6.055s] INFO:colcon.colcon_core.shell:Creating prefix util module '/home/zaynap/Projects/Bt/install/_local_setup_util_ps1.py'
[6.057s] INFO:colcon.colcon_core.shell:Creating prefix chain script '/home/zaynap/Projects/Bt/install/setup.ps1'
[6.058s] INFO:colcon.colcon_core.shell:Creating prefix script '/home/zaynap/Projects/Bt/install/local_setup.sh'
[6.059s] INFO:colcon.colcon_core.shell:Creating prefix util module '/home/zaynap/Projects/Bt/install/_local_setup_util_sh.py'
[6.059s] INFO:colcon.colcon_core.shell:Creating prefix chain script '/home/zaynap/Projects/Bt/install/setup.sh'
[6.060s] INFO:colcon.colcon_core.shell:Creating prefix script '/home/zaynap/Projects/Bt/install/local_setup.bash'
[6.061s] INFO:colcon.colcon_core.shell:Creating prefix chain script '/home/zaynap/Projects/Bt/install/setup.bash'
[6.062s] INFO:colcon.colcon_core.shell:Creating prefix script '/home/zaynap/Projects/Bt/install/local_setup.zsh'
[6.062s] INFO:colcon.colcon_core.shell:Creating prefix chain script '/home/zaynap/Projects/Bt/install/setup.zsh'
