[0.018s] Invoking command in '/home/zaynap/Projects/Bt/build/tiago_nav': CMAKE_PREFIX_PATH=${CMAKE_PREFIX_PATH}:/opt/ros/humble /usr/bin/cmake /home/zaynap/Projects/Bt/tiago_nav -DCMAKE_INSTALL_PREFIX=/home/zaynap/Projects/Bt/install/tiago_nav
[0.077s] -- The C compiler identification is GNU 11.4.0
[0.145s] -- The CXX compiler identification is GNU 11.4.0
[0.155s] -- Detecting C compiler ABI info
[0.236s] -- Detecting C compiler ABI info - done
[0.245s] -- Check for working C compiler: /usr/bin/cc - skipped
[0.245s] -- Detecting C compile features
[0.245s] -- Detecting C compile features - done
[0.248s] -- Detecting CXX compiler ABI info
[0.334s] -- Detecting CXX compiler ABI info - done
[0.348s] -- Check for working CXX compiler: /usr/bin/c++ - skipped
[0.348s] -- Detecting CXX compile features
[0.349s] -- Detecting CXX compile features - done
[0.353s] -- Found ament_cmake: 1.3.12 (/opt/ros/humble/share/ament_cmake/cmake)
[0.753s] -- Found Python3: /usr/bin/python3 (found version "3.10.12") found components: Interpreter 
[0.843s] -- Found ament_lint_auto: 0.12.14 (/opt/ros/humble/share/ament_lint_auto/cmake)
[0.958s] -- Added test 'flake8' to check Python code syntax and style conventions
[0.959s] -- Added test 'lint_cmake' to check CMake code style
[0.960s] -- Added test 'pep257' to check Python code against some of the docstring style conventions in PEP 257
[0.962s] -- Added test 'xmllint' to check XML markup files
[0.965s] -- Configuring done
[0.968s] -- Generating done
[0.971s] -- Build files have been written to: /home/zaynap/Projects/Bt/build/tiago_nav
[0.977s] Invoked command in '/home/zaynap/Projects/Bt/build/tiago_nav' returned '0': CMAKE_PREFIX_PATH=${CMAKE_PREFIX_PATH}:/opt/ros/humble /usr/bin/cmake /home/zaynap/Projects/Bt/tiago_nav -DCMAKE_INSTALL_PREFIX=/home/zaynap/Projects/Bt/install/tiago_nav
[0.982s] Invoking command in '/home/zaynap/Projects/Bt/build/tiago_nav': CMAKE_PREFIX_PATH=${CMAKE_PREFIX_PATH}:/opt/ros/humble /usr/bin/cmake --build /home/zaynap/Projects/Bt/build/tiago_nav -- -j8 -l8
[1.029s] Invoked command in '/home/zaynap/Projects/Bt/build/tiago_nav' returned '0': CMAKE_PREFIX_PATH=${CMAKE_PREFIX_PATH}:/opt/ros/humble /usr/bin/cmake --build /home/zaynap/Projects/Bt/build/tiago_nav -- -j8 -l8
[1.038s] Invoking command in '/home/zaynap/Projects/Bt/build/tiago_nav': CMAKE_PREFIX_PATH=${CMAKE_PREFIX_PATH}:/opt/ros/humble /usr/bin/cmake --install /home/zaynap/Projects/Bt/build/tiago_nav
[1.043s] -- Install configuration: ""
[1.043s] -- Installing: /home/zaynap/Projects/Bt/install/tiago_nav/share/tiago_nav/launch
[1.044s] -- Installing: /home/zaynap/Projects/Bt/install/tiago_nav/share/tiago_nav/launch/tiago_nav2.launch.py
[1.044s] -- Installing: /home/zaynap/Projects/Bt/install/tiago_nav/share/tiago_nav/config
[1.044s] -- Installing: /home/zaynap/Projects/Bt/install/tiago_nav/share/tiago_nav/config/bt_navigator.yaml
[1.044s] -- Installing: /home/zaynap/Projects/Bt/install/tiago_nav/share/tiago_nav/config/recovery.yaml
[1.044s] -- Installing: /home/zaynap/Projects/Bt/install/tiago_nav/share/tiago_nav/config/tiago_amcl.yaml
[1.044s] -- Installing: /home/zaynap/Projects/Bt/install/tiago_nav/share/tiago_nav/config/controller.yaml
[1.044s] -- Installing: /home/zaynap/Projects/Bt/install/tiago_nav/share/tiago_nav/config/planner_server.yaml
[1.045s] -- Installing: /home/zaynap/Projects/Bt/install/tiago_nav/share/tiago_nav/maps
[1.045s] -- Installing: /home/zaynap/Projects/Bt/install/tiago_nav/share/tiago_nav/maps/map.yaml
[1.045s] -- Installing: /home/zaynap/Projects/Bt/install/tiago_nav/share/tiago_nav/maps/map.pgm
[1.045s] -- Installing: /home/zaynap/Projects/Bt/install/tiago_nav/share/tiago_nav/rviz
[1.045s] -- Installing: /home/zaynap/Projects/Bt/install/tiago_nav/share/tiago_nav/rviz/tiago_nav.rviz
[1.046s] -- Installing: /home/zaynap/Projects/Bt/install/tiago_nav/share/ament_index/resource_index/package_run_dependencies/tiago_nav
[1.046s] -- Installing: /home/zaynap/Projects/Bt/install/tiago_nav/share/ament_index/resource_index/parent_prefix_path/tiago_nav
[1.046s] -- Installing: /home/zaynap/Projects/Bt/install/tiago_nav/share/tiago_nav/environment/ament_prefix_path.sh
[1.046s] -- Installing: /home/zaynap/Projects/Bt/install/tiago_nav/share/tiago_nav/environment/ament_prefix_path.dsv
[1.046s] -- Installing: /home/zaynap/Projects/Bt/install/tiago_nav/share/tiago_nav/environment/path.sh
[1.046s] -- Installing: /home/zaynap/Projects/Bt/install/tiago_nav/share/tiago_nav/environment/path.dsv
[1.046s] -- Installing: /home/zaynap/Projects/Bt/install/tiago_nav/share/tiago_nav/local_setup.bash
[1.046s] -- Installing: /home/zaynap/Projects/Bt/install/tiago_nav/share/tiago_nav/local_setup.sh
[1.046s] -- Installing: /home/zaynap/Projects/Bt/install/tiago_nav/share/tiago_nav/local_setup.zsh
[1.047s] -- Installing: /home/zaynap/Projects/Bt/install/tiago_nav/share/tiago_nav/local_setup.dsv
[1.047s] -- Installing: /home/zaynap/Projects/Bt/install/tiago_nav/share/tiago_nav/package.dsv
[1.048s] -- Installing: /home/zaynap/Projects/Bt/install/tiago_nav/share/ament_index/resource_index/packages/tiago_nav
[1.048s] -- Installing: /home/zaynap/Projects/Bt/install/tiago_nav/share/tiago_nav/cmake/tiago_navConfig.cmake
[1.048s] -- Installing: /home/zaynap/Projects/Bt/install/tiago_nav/share/tiago_nav/cmake/tiago_navConfig-version.cmake
[1.048s] -- Installing: /home/zaynap/Projects/Bt/install/tiago_nav/share/tiago_nav/package.xml
[1.051s] Invoked command in '/home/zaynap/Projects/Bt/build/tiago_nav' returned '0': CMAKE_PREFIX_PATH=${CMAKE_PREFIX_PATH}:/opt/ros/humble /usr/bin/cmake --install /home/zaynap/Projects/Bt/build/tiago_nav
