[0.009s] Invoking command in '/home/zaynap/Projects/Bt/build/grab2_msgs': CMAKE_PREFIX_PATH=/home/zaynap/Projects/Bt/install/btcpp_ros2_interfaces:/home/zaynap/Projects/Bt/install/tiago_slam:/home/zaynap/Projects/Bt/install/tiago_sim:/home/zaynap/Projects/Bt/install/tiago_nav:/home/zaynap/Projects/Bt/install/tiago_grab:/home/zaynap/Projects/Bt/install/grab2_planner:/home/zaynap/Projects/Bt/install/grab2_bt_testing_pkg:/home/zaynap/Projects/Bt/install/grab2_bt_grabber:/home/zaynap/Projects/Bt/install/grab2_ros_common:/home/zaynap/Projects/Bt/install/grab2_behavior_tree:/home/zaynap/Projects/Bt/install/grab2_msgs:/home/zaynap/Projects/Bt/install/btcpp_ros2_samples:/home/zaynap/Projects/Bt/install/behaviortree_ros2:/opt/ros/humble LD_LIBRARY_PATH=/home/zaynap/Projects/Bt/install/btcpp_ros2_interfaces/lib:/home/zaynap/Projects/Bt/install/grab2_planner/lib:/home/zaynap/Projects/Bt/install/grab2_bt_testing_pkg/lib:/home/zaynap/Projects/Bt/install/grab2_bt_grabber/lib:/home/zaynap/Projects/Bt/install/grab2_behavior_tree/lib:/home/zaynap/Projects/Bt/install/grab2_msgs/lib:/home/zaynap/Projects/Bt/install/behaviortree_ros2/lib:/usr/lib/x86_64-linux-gnu/gazebo-11/plugins:/opt/ros/humble/opt/rviz_ogre_vendor/lib:/opt/ros/humble/lib/x86_64-linux-gnu:/opt/ros/humble/lib /usr/bin/cmake /home/zaynap/Projects/Bt/grab2_msgs -DCMAKE_INSTALL_PREFIX=/home/zaynap/Projects/Bt/install/grab2_msgs
[0.054s] -- The C compiler identification is GNU 11.4.0
[0.105s] -- The CXX compiler identification is GNU 11.4.0
[0.112s] -- Detecting C compiler ABI info
[0.175s] -- Detecting C compiler ABI info - done
[0.182s] -- Check for working C compiler: /usr/bin/cc - skipped
[0.182s] -- Detecting C compile features
[0.183s] -- Detecting C compile features - done
[0.185s] -- Detecting CXX compiler ABI info
[0.282s] -- Detecting CXX compiler ABI info - done
[0.292s] -- Check for working CXX compiler: /usr/bin/c++ - skipped
[0.293s] -- Detecting CXX compile features
[0.294s] -- Detecting CXX compile features - done
[0.298s] -- Found ament_cmake: 1.3.12 (/opt/ros/humble/share/ament_cmake/cmake)
[0.694s] -- Found Python3: /usr/bin/python3 (found version "3.10.12") found components: Interpreter 
[0.805s] -- Found builtin_interfaces: 1.2.2 (/opt/ros/humble/share/builtin_interfaces/cmake)
[0.837s] -- Found rosidl_generator_c: 3.1.7 (/opt/ros/humble/share/rosidl_generator_c/cmake)
[0.842s] -- Found rosidl_adapter: 3.1.7 (/opt/ros/humble/share/rosidl_adapter/cmake)
[0.851s] -- Found rosidl_generator_cpp: 3.1.7 (/opt/ros/humble/share/rosidl_generator_cpp/cmake)
[0.864s] -- Using all available rosidl_typesupport_c: rosidl_typesupport_fastrtps_c;rosidl_typesupport_introspection_c
[0.881s] -- Using all available rosidl_typesupport_cpp: rosidl_typesupport_fastrtps_cpp;rosidl_typesupport_introspection_cpp
[0.897s] -- Found action_msgs: 1.2.2 (/opt/ros/humble/share/action_msgs/cmake)
[0.921s] -- Found std_msgs: 4.9.0 (/opt/ros/humble/share/std_msgs/cmake)
[0.934s] -- Found control_msgs: 4.8.0 (/opt/ros/humble/share/control_msgs/cmake)
[1.012s] -- Found moveit_msgs: 2.2.1 (/opt/ros/humble/share/moveit_msgs/cmake)
[1.103s] -- Found btcpp_ros2_interfaces: 0.3.0 (/home/zaynap/Projects/Bt/install/btcpp_ros2_interfaces/share/btcpp_ros2_interfaces/cmake)
[1.118s] -- Found rosidl_default_generators: 1.2.0 (/opt/ros/humble/share/rosidl_default_generators/cmake)
[1.629s] -- Found ament_cmake_ros: 0.10.0 (/opt/ros/humble/share/ament_cmake_ros/cmake)
[2.412s] -- Using all available rosidl_typesupport_c: rosidl_typesupport_fastrtps_c;rosidl_typesupport_introspection_c
[2.778s] -- Using all available rosidl_typesupport_cpp: rosidl_typesupport_fastrtps_cpp;rosidl_typesupport_introspection_cpp
[2.808s] -- Found PythonInterp: /usr/bin/python3 (found suitable version "3.10.12", minimum required is "3.6") 
[2.812s] -- Found python_cmake_module: 0.10.0 (/opt/ros/humble/share/python_cmake_module/cmake)
[2.849s] -- Found PythonLibs: /usr/lib/x86_64-linux-gnu/libpython3.10.so (found suitable version "3.10.12", minimum required is "3.5") 
[2.849s] -- Using PYTHON_EXECUTABLE: /usr/bin/python3
[2.849s] -- Using PYTHON_INCLUDE_DIRS: /usr/include/python3.10
[2.849s] -- Using PYTHON_LIBRARIES: /usr/lib/x86_64-linux-gnu/libpython3.10.so
[2.872s] -- Found PythonExtra: .so  
[3.078s] -- Configuring done
[3.146s] -- Generating done
[3.170s] -- Build files have been written to: /home/zaynap/Projects/Bt/build/grab2_msgs
[3.187s] Invoked command in '/home/zaynap/Projects/Bt/build/grab2_msgs' returned '0': CMAKE_PREFIX_PATH=/home/zaynap/Projects/Bt/install/btcpp_ros2_interfaces:/home/zaynap/Projects/Bt/install/tiago_slam:/home/zaynap/Projects/Bt/install/tiago_sim:/home/zaynap/Projects/Bt/install/tiago_nav:/home/zaynap/Projects/Bt/install/tiago_grab:/home/zaynap/Projects/Bt/install/grab2_planner:/home/zaynap/Projects/Bt/install/grab2_bt_testing_pkg:/home/zaynap/Projects/Bt/install/grab2_bt_grabber:/home/zaynap/Projects/Bt/install/grab2_ros_common:/home/zaynap/Projects/Bt/install/grab2_behavior_tree:/home/zaynap/Projects/Bt/install/grab2_msgs:/home/zaynap/Projects/Bt/install/btcpp_ros2_samples:/home/zaynap/Projects/Bt/install/behaviortree_ros2:/opt/ros/humble LD_LIBRARY_PATH=/home/zaynap/Projects/Bt/install/btcpp_ros2_interfaces/lib:/home/zaynap/Projects/Bt/install/grab2_planner/lib:/home/zaynap/Projects/Bt/install/grab2_bt_testing_pkg/lib:/home/zaynap/Projects/Bt/install/grab2_bt_grabber/lib:/home/zaynap/Projects/Bt/install/grab2_behavior_tree/lib:/home/zaynap/Projects/Bt/install/grab2_msgs/lib:/home/zaynap/Projects/Bt/install/behaviortree_ros2/lib:/usr/lib/x86_64-linux-gnu/gazebo-11/plugins:/opt/ros/humble/opt/rviz_ogre_vendor/lib:/opt/ros/humble/lib/x86_64-linux-gnu:/opt/ros/humble/lib /usr/bin/cmake /home/zaynap/Projects/Bt/grab2_msgs -DCMAKE_INSTALL_PREFIX=/home/zaynap/Projects/Bt/install/grab2_msgs
[3.188s] Invoking command in '/home/zaynap/Projects/Bt/build/grab2_msgs': CMAKE_PREFIX_PATH=/home/zaynap/Projects/Bt/install/btcpp_ros2_interfaces:/home/zaynap/Projects/Bt/install/tiago_slam:/home/zaynap/Projects/Bt/install/tiago_sim:/home/zaynap/Projects/Bt/install/tiago_nav:/home/zaynap/Projects/Bt/install/tiago_grab:/home/zaynap/Projects/Bt/install/grab2_planner:/home/zaynap/Projects/Bt/install/grab2_bt_testing_pkg:/home/zaynap/Projects/Bt/install/grab2_bt_grabber:/home/zaynap/Projects/Bt/install/grab2_ros_common:/home/zaynap/Projects/Bt/install/grab2_behavior_tree:/home/zaynap/Projects/Bt/install/grab2_msgs:/home/zaynap/Projects/Bt/install/btcpp_ros2_samples:/home/zaynap/Projects/Bt/install/behaviortree_ros2:/opt/ros/humble LD_LIBRARY_PATH=/home/zaynap/Projects/Bt/install/btcpp_ros2_interfaces/lib:/home/zaynap/Projects/Bt/install/grab2_planner/lib:/home/zaynap/Projects/Bt/install/grab2_bt_testing_pkg/lib:/home/zaynap/Projects/Bt/install/grab2_bt_grabber/lib:/home/zaynap/Projects/Bt/install/grab2_behavior_tree/lib:/home/zaynap/Projects/Bt/install/grab2_msgs/lib:/home/zaynap/Projects/Bt/install/behaviortree_ros2/lib:/usr/lib/x86_64-linux-gnu/gazebo-11/plugins:/opt/ros/humble/opt/rviz_ogre_vendor/lib:/opt/ros/humble/lib/x86_64-linux-gnu:/opt/ros/humble/lib /usr/bin/cmake --build /home/zaynap/Projects/Bt/build/grab2_msgs -- -j8 -l8
[3.249s] [  1%] [34m[1mGenerating C code for ROS interfaces[0m
[3.267s] [  3%] [34m[1mGenerating C++ code for ROS interfaces[0m
[3.282s] [  3%] Built target ament_cmake_python_copy_grab2_msgs
[3.753s] running egg_info
[3.800s] creating grab2_msgs.egg-info
[3.801s] writing grab2_msgs.egg-info/PKG-INFO
[3.801s] writing dependency_links to grab2_msgs.egg-info/dependency_links.txt
[3.802s] writing top-level names to grab2_msgs.egg-info/top_level.txt
[3.802s] writing manifest file 'grab2_msgs.egg-info/SOURCES.txt'
[3.937s] reading manifest file 'grab2_msgs.egg-info/SOURCES.txt'
[3.939s] writing manifest file 'grab2_msgs.egg-info/SOURCES.txt'
[3.990s] [  3%] Built target ament_cmake_python_build_grab2_msgs_egg
[6.351s] [  3%] Built target grab2_msgs__cpp
[6.371s] [  4%] [34m[1mGenerating C++ type support dispatch for ROS interfaces[0m
[6.390s] [  6%] [34m[1mGenerating C++ type support for eProsima Fast-RTPS[0m
[6.391s] [  7%] [34m[1mGenerating C++ introspection for ROS interfaces[0m
[6.422s] [  9%] [32mBuilding C object CMakeFiles/grab2_msgs__rosidl_generator_c.dir/rosidl_generator_c/grab2_msgs/action/detail/compute_plan_to_target_ik__functions.c.o[0m
[6.424s] [ 11%] [32mBuilding C object CMakeFiles/grab2_msgs__rosidl_generator_c.dir/rosidl_generator_c/grab2_msgs/action/detail/get_isaac_grasp__functions.c.o[0m
[6.425s] [ 12%] [32mBuilding C object CMakeFiles/grab2_msgs__rosidl_generator_c.dir/rosidl_generator_c/grab2_msgs/action/detail/compute_plan_through_poses__functions.c.o[0m
[6.431s] [ 14%] [32mBuilding C object CMakeFiles/grab2_msgs__rosidl_generator_c.dir/rosidl_generator_c/grab2_msgs/action/detail/reach_object__functions.c.o[0m
[6.432s] [ 15%] [32mBuilding C object CMakeFiles/grab2_msgs__rosidl_generator_c.dir/rosidl_generator_c/grab2_msgs/action/detail/tree_action_server__functions.c.o[0m
[6.823s] [ 17%] [32m[1mLinking C shared library libgrab2_msgs__rosidl_generator_c.so[0m
[6.892s] [ 17%] Built target grab2_msgs__rosidl_generator_c
[6.913s] [ 19%] [34m[1mGenerating C type support for eProsima Fast-RTPS[0m
[6.921s] [ 20%] [34m[1mGenerating C introspection for ROS interfaces[0m
[6.932s] [ 22%] [34m[1mGenerating C type support dispatch for ROS interfaces[0m
[8.206s] [ 23%] [32mBuilding CXX object CMakeFiles/grab2_msgs__rosidl_typesupport_cpp.dir/rosidl_typesupport_cpp/grab2_msgs/action/compute_plan_to_target_ik__type_support.cpp.o[0m
[8.220s] [ 26%] [32mBuilding CXX object CMakeFiles/grab2_msgs__rosidl_typesupport_cpp.dir/rosidl_typesupport_cpp/grab2_msgs/action/get_isaac_grasp__type_support.cpp.o[0m
[8.221s] [ 26%] [32mBuilding CXX object CMakeFiles/grab2_msgs__rosidl_typesupport_cpp.dir/rosidl_typesupport_cpp/grab2_msgs/action/compute_plan_through_poses__type_support.cpp.o[0m
[8.779s] [ 28%] [32mBuilding CXX object CMakeFiles/grab2_msgs__rosidl_typesupport_introspection_cpp.dir/rosidl_typesupport_introspection_cpp/grab2_msgs/action/detail/compute_plan_to_target_ik__type_support.cpp.o[0m
[9.182s] [ 30%] [32mBuilding CXX object CMakeFiles/grab2_msgs__rosidl_typesupport_cpp.dir/rosidl_typesupport_cpp/grab2_msgs/action/reach_object__type_support.cpp.o[0m
[9.210s] [ 31%] [32mBuilding CXX object CMakeFiles/grab2_msgs__rosidl_typesupport_introspection_cpp.dir/rosidl_typesupport_introspection_cpp/grab2_msgs/action/detail/compute_plan_through_poses__type_support.cpp.o[0m
[9.463s] [ 33%] [32mBuilding CXX object CMakeFiles/grab2_msgs__rosidl_typesupport_c.dir/rosidl_typesupport_c/grab2_msgs/action/compute_plan_to_target_ik__type_support.cpp.o[0m
[9.466s] [ 34%] [32mBuilding CXX object CMakeFiles/grab2_msgs__rosidl_typesupport_introspection_cpp.dir/rosidl_typesupport_introspection_cpp/grab2_msgs/action/detail/get_isaac_grasp__type_support.cpp.o[0m
[9.606s] [ 36%] [32mBuilding CXX object CMakeFiles/grab2_msgs__rosidl_typesupport_fastrtps_cpp.dir/rosidl_typesupport_fastrtps_cpp/grab2_msgs/action/detail/dds_fastrtps/compute_plan_to_target_ik__type_support.cpp.o[0m
[9.634s] [ 38%] [32mBuilding CXX object CMakeFiles/grab2_msgs__rosidl_typesupport_c.dir/rosidl_typesupport_c/grab2_msgs/action/compute_plan_through_poses__type_support.cpp.o[0m
[9.802s] [ 39%] [32mBuilding CXX object CMakeFiles/grab2_msgs__rosidl_typesupport_c.dir/rosidl_typesupport_c/grab2_msgs/action/get_isaac_grasp__type_support.cpp.o[0m
[9.848s] [ 41%] [32mBuilding CXX object CMakeFiles/grab2_msgs__rosidl_typesupport_fastrtps_c.dir/rosidl_typesupport_fastrtps_c/grab2_msgs/action/detail/compute_plan_to_target_ik__type_support_c.cpp.o[0m
[9.945s] [ 42%] [32mBuilding CXX object CMakeFiles/grab2_msgs__rosidl_typesupport_cpp.dir/rosidl_typesupport_cpp/grab2_msgs/action/tree_action_server__type_support.cpp.o[0m
[9.963s] [ 44%] [32mBuilding CXX object CMakeFiles/grab2_msgs__rosidl_typesupport_c.dir/rosidl_typesupport_c/grab2_msgs/action/reach_object__type_support.cpp.o[0m
[10.047s] [ 46%] [32mBuilding CXX object CMakeFiles/grab2_msgs__rosidl_typesupport_fastrtps_c.dir/rosidl_typesupport_fastrtps_c/grab2_msgs/action/detail/compute_plan_through_poses__type_support_c.cpp.o[0m
[10.127s] [ 47%] [32mBuilding CXX object CMakeFiles/grab2_msgs__rosidl_typesupport_c.dir/rosidl_typesupport_c/grab2_msgs/action/tree_action_server__type_support.cpp.o[0m
[10.300s] [ 49%] [32m[1mLinking CXX shared library libgrab2_msgs__rosidl_typesupport_c.so[0m
[10.327s] [ 50%] [32mBuilding C object CMakeFiles/grab2_msgs__rosidl_typesupport_introspection_c.dir/rosidl_typesupport_introspection_c/grab2_msgs/action/detail/compute_plan_to_target_ik__type_support.c.o[0m
[10.390s] [ 50%] Built target grab2_msgs__rosidl_typesupport_c
[10.405s] [ 52%] [32mBuilding CXX object CMakeFiles/grab2_msgs__rosidl_typesupport_fastrtps_c.dir/rosidl_typesupport_fastrtps_c/grab2_msgs/action/detail/get_isaac_grasp__type_support_c.cpp.o[0m
[10.501s] [ 53%] [32mBuilding C object CMakeFiles/grab2_msgs__rosidl_typesupport_introspection_c.dir/rosidl_typesupport_introspection_c/grab2_msgs/action/detail/compute_plan_through_poses__type_support.c.o[0m
[10.696s] [ 55%] [32mBuilding C object CMakeFiles/grab2_msgs__rosidl_typesupport_introspection_c.dir/rosidl_typesupport_introspection_c/grab2_msgs/action/detail/get_isaac_grasp__type_support.c.o[0m
[10.711s] [ 57%] [32mBuilding CXX object CMakeFiles/grab2_msgs__rosidl_typesupport_introspection_cpp.dir/rosidl_typesupport_introspection_cpp/grab2_msgs/action/detail/reach_object__type_support.cpp.o[0m
[10.870s] [ 58%] [32mBuilding CXX object CMakeFiles/grab2_msgs__rosidl_typesupport_fastrtps_cpp.dir/rosidl_typesupport_fastrtps_cpp/grab2_msgs/action/detail/dds_fastrtps/compute_plan_through_poses__type_support.cpp.o[0m
[10.878s] [ 60%] [32mBuilding C object CMakeFiles/grab2_msgs__rosidl_typesupport_introspection_c.dir/rosidl_typesupport_introspection_c/grab2_msgs/action/detail/reach_object__type_support.c.o[0m
[10.883s] [ 61%] [32mBuilding C object CMakeFiles/grab2_msgs__rosidl_typesupport_introspection_c.dir/rosidl_typesupport_introspection_c/grab2_msgs/action/detail/tree_action_server__type_support.c.o[0m
[10.973s] [ 63%] [32mBuilding CXX object CMakeFiles/grab2_msgs__rosidl_typesupport_introspection_cpp.dir/rosidl_typesupport_introspection_cpp/grab2_msgs/action/detail/tree_action_server__type_support.cpp.o[0m
[11.051s] [ 65%] [32m[1mLinking C shared library libgrab2_msgs__rosidl_typesupport_introspection_c.so[0m
[11.066s] [ 66%] [32m[1mLinking CXX shared library libgrab2_msgs__rosidl_typesupport_cpp.so[0m
[11.160s] [ 66%] Built target grab2_msgs__rosidl_typesupport_introspection_c
[11.171s] [ 66%] Built target grab2_msgs__rosidl_typesupport_cpp
[11.185s] [ 68%] [32mBuilding CXX object CMakeFiles/grab2_msgs__rosidl_typesupport_fastrtps_c.dir/rosidl_typesupport_fastrtps_c/grab2_msgs/action/detail/reach_object__type_support_c.cpp.o[0m
[11.185s] [ 69%] [32mBuilding CXX object CMakeFiles/grab2_msgs__rosidl_typesupport_fastrtps_cpp.dir/rosidl_typesupport_fastrtps_cpp/grab2_msgs/action/detail/dds_fastrtps/get_isaac_grasp__type_support.cpp.o[0m
[11.197s] [ 71%] [32mBuilding CXX object CMakeFiles/grab2_msgs__rosidl_typesupport_fastrtps_c.dir/rosidl_typesupport_fastrtps_c/grab2_msgs/action/detail/tree_action_server__type_support_c.cpp.o[0m
[11.318s] [ 73%] [32mBuilding CXX object CMakeFiles/grab2_msgs__rosidl_typesupport_fastrtps_cpp.dir/rosidl_typesupport_fastrtps_cpp/grab2_msgs/action/detail/dds_fastrtps/reach_object__type_support.cpp.o[0m
[11.497s] [ 74%] [32mBuilding CXX object CMakeFiles/grab2_msgs__rosidl_typesupport_fastrtps_cpp.dir/rosidl_typesupport_fastrtps_cpp/grab2_msgs/action/detail/dds_fastrtps/tree_action_server__type_support.cpp.o[0m
[12.069s] [ 76%] [32m[1mLinking CXX shared library libgrab2_msgs__rosidl_typesupport_fastrtps_c.so[0m
[12.075s] [ 77%] [32m[1mLinking CXX shared library libgrab2_msgs__rosidl_typesupport_introspection_cpp.so[0m
[12.229s] [ 77%] Built target grab2_msgs__rosidl_typesupport_fastrtps_c
[12.241s] [ 77%] Built target grab2_msgs__rosidl_typesupport_introspection_cpp
[12.388s] [ 79%] [32m[1mLinking CXX shared library libgrab2_msgs__rosidl_typesupport_fastrtps_cpp.so[0m
[12.475s] [ 79%] Built target grab2_msgs__rosidl_typesupport_fastrtps_cpp
[12.494s] [ 79%] Built target grab2_msgs
[12.514s] [ 80%] [34m[1mGenerating Python code for ROS interfaces[0m
[16.689s] [ 80%] Built target grab2_msgs__py
[16.752s] [ 82%] [32mBuilding C object CMakeFiles/grab2_msgs__rosidl_generator_py.dir/rosidl_generator_py/grab2_msgs/action/_compute_plan_to_target_ik_s.c.o[0m
[16.759s] [ 85%] [32mBuilding C object CMakeFiles/grab2_msgs__rosidl_generator_py.dir/rosidl_generator_py/grab2_msgs/action/_reach_object_s.c.o[0m
[16.759s] [ 85%] [32mBuilding C object CMakeFiles/grab2_msgs__rosidl_generator_py.dir/rosidl_generator_py/grab2_msgs/action/_get_isaac_grasp_s.c.o[0m
[16.761s] [ 87%] [32mBuilding C object CMakeFiles/grab2_msgs__rosidl_generator_py.dir/rosidl_generator_py/grab2_msgs/action/_compute_plan_through_poses_s.c.o[0m
[16.765s] [ 88%] [32mBuilding C object CMakeFiles/grab2_msgs__rosidl_generator_py.dir/rosidl_generator_py/grab2_msgs/action/_tree_action_server_s.c.o[0m
[17.271s] [ 90%] [32m[1mLinking C shared library rosidl_generator_py/grab2_msgs/libgrab2_msgs__rosidl_generator_py.so[0m
[17.491s] [ 90%] Built target grab2_msgs__rosidl_generator_py
[17.546s] [ 92%] [32mBuilding C object CMakeFiles/grab2_msgs__rosidl_typesupport_fastrtps_c__pyext.dir/rosidl_generator_py/grab2_msgs/_grab2_msgs_s.ep.rosidl_typesupport_fastrtps_c.c.o[0m
[17.557s] [ 93%] [32mBuilding C object CMakeFiles/grab2_msgs__rosidl_typesupport_introspection_c__pyext.dir/rosidl_generator_py/grab2_msgs/_grab2_msgs_s.ep.rosidl_typesupport_introspection_c.c.o[0m
[17.589s] [ 95%] [32mBuilding C object CMakeFiles/grab2_msgs__rosidl_typesupport_c__pyext.dir/rosidl_generator_py/grab2_msgs/_grab2_msgs_s.ep.rosidl_typesupport_c.c.o[0m
[18.099s] [ 96%] [32m[1mLinking C shared library rosidl_generator_py/grab2_msgs/grab2_msgs_s__rosidl_typesupport_c.cpython-310-x86_64-linux-gnu.so[0m
[18.121s] [ 98%] [32m[1mLinking C shared library rosidl_generator_py/grab2_msgs/grab2_msgs_s__rosidl_typesupport_fastrtps_c.cpython-310-x86_64-linux-gnu.so[0m
[18.223s] [ 98%] Built target grab2_msgs__rosidl_typesupport_c__pyext
[18.328s] [ 98%] Built target grab2_msgs__rosidl_typesupport_fastrtps_c__pyext
[18.361s] [100%] [32m[1mLinking C shared library rosidl_generator_py/grab2_msgs/grab2_msgs_s__rosidl_typesupport_introspection_c.cpython-310-x86_64-linux-gnu.so[0m
[18.478s] [100%] Built target grab2_msgs__rosidl_typesupport_introspection_c__pyext
[18.516s] Invoked command in '/home/zaynap/Projects/Bt/build/grab2_msgs' returned '0': CMAKE_PREFIX_PATH=/home/zaynap/Projects/Bt/install/btcpp_ros2_interfaces:/home/zaynap/Projects/Bt/install/tiago_slam:/home/zaynap/Projects/Bt/install/tiago_sim:/home/zaynap/Projects/Bt/install/tiago_nav:/home/zaynap/Projects/Bt/install/tiago_grab:/home/zaynap/Projects/Bt/install/grab2_planner:/home/zaynap/Projects/Bt/install/grab2_bt_testing_pkg:/home/zaynap/Projects/Bt/install/grab2_bt_grabber:/home/zaynap/Projects/Bt/install/grab2_ros_common:/home/zaynap/Projects/Bt/install/grab2_behavior_tree:/home/zaynap/Projects/Bt/install/grab2_msgs:/home/zaynap/Projects/Bt/install/btcpp_ros2_samples:/home/zaynap/Projects/Bt/install/behaviortree_ros2:/opt/ros/humble LD_LIBRARY_PATH=/home/zaynap/Projects/Bt/install/btcpp_ros2_interfaces/lib:/home/zaynap/Projects/Bt/install/grab2_planner/lib:/home/zaynap/Projects/Bt/install/grab2_bt_testing_pkg/lib:/home/zaynap/Projects/Bt/install/grab2_bt_grabber/lib:/home/zaynap/Projects/Bt/install/grab2_behavior_tree/lib:/home/zaynap/Projects/Bt/install/grab2_msgs/lib:/home/zaynap/Projects/Bt/install/behaviortree_ros2/lib:/usr/lib/x86_64-linux-gnu/gazebo-11/plugins:/opt/ros/humble/opt/rviz_ogre_vendor/lib:/opt/ros/humble/lib/x86_64-linux-gnu:/opt/ros/humble/lib /usr/bin/cmake --build /home/zaynap/Projects/Bt/build/grab2_msgs -- -j8 -l8
[18.523s] Invoking command in '/home/zaynap/Projects/Bt/build/grab2_msgs': CMAKE_PREFIX_PATH=/home/zaynap/Projects/Bt/install/btcpp_ros2_interfaces:/home/zaynap/Projects/Bt/install/tiago_slam:/home/zaynap/Projects/Bt/install/tiago_sim:/home/zaynap/Projects/Bt/install/tiago_nav:/home/zaynap/Projects/Bt/install/tiago_grab:/home/zaynap/Projects/Bt/install/grab2_planner:/home/zaynap/Projects/Bt/install/grab2_bt_testing_pkg:/home/zaynap/Projects/Bt/install/grab2_bt_grabber:/home/zaynap/Projects/Bt/install/grab2_ros_common:/home/zaynap/Projects/Bt/install/grab2_behavior_tree:/home/zaynap/Projects/Bt/install/grab2_msgs:/home/zaynap/Projects/Bt/install/btcpp_ros2_samples:/home/zaynap/Projects/Bt/install/behaviortree_ros2:/opt/ros/humble LD_LIBRARY_PATH=/home/zaynap/Projects/Bt/install/btcpp_ros2_interfaces/lib:/home/zaynap/Projects/Bt/install/grab2_planner/lib:/home/zaynap/Projects/Bt/install/grab2_bt_testing_pkg/lib:/home/zaynap/Projects/Bt/install/grab2_bt_grabber/lib:/home/zaynap/Projects/Bt/install/grab2_behavior_tree/lib:/home/zaynap/Projects/Bt/install/grab2_msgs/lib:/home/zaynap/Projects/Bt/install/behaviortree_ros2/lib:/usr/lib/x86_64-linux-gnu/gazebo-11/plugins:/opt/ros/humble/opt/rviz_ogre_vendor/lib:/opt/ros/humble/lib/x86_64-linux-gnu:/opt/ros/humble/lib /usr/bin/cmake --install /home/zaynap/Projects/Bt/build/grab2_msgs
[18.544s] -- Install configuration: ""
[18.544s] -- Installing: /home/zaynap/Projects/Bt/install/grab2_msgs/share/ament_index/resource_index/rosidl_interfaces/grab2_msgs
[18.548s] -- Installing: /home/zaynap/Projects/Bt/install/grab2_msgs/include/grab2_msgs/grab2_msgs
[18.548s] -- Installing: /home/zaynap/Projects/Bt/install/grab2_msgs/include/grab2_msgs/grab2_msgs/action
[18.548s] -- Installing: /home/zaynap/Projects/Bt/install/grab2_msgs/include/grab2_msgs/grab2_msgs/action/reach_object.h
[18.548s] -- Installing: /home/zaynap/Projects/Bt/install/grab2_msgs/include/grab2_msgs/grab2_msgs/action/compute_plan_through_poses.h
[18.548s] -- Installing: /home/zaynap/Projects/Bt/install/grab2_msgs/include/grab2_msgs/grab2_msgs/action/compute_plan_to_target_ik.h
[18.549s] -- Installing: /home/zaynap/Projects/Bt/install/grab2_msgs/include/grab2_msgs/grab2_msgs/action/tree_action_server.h
[18.549s] -- Installing: /home/zaynap/Projects/Bt/install/grab2_msgs/include/grab2_msgs/grab2_msgs/action/detail
[18.551s] -- Installing: /home/zaynap/Projects/Bt/install/grab2_msgs/include/grab2_msgs/grab2_msgs/action/detail/reach_object__struct.h
[18.551s] -- Installing: /home/zaynap/Projects/Bt/install/grab2_msgs/include/grab2_msgs/grab2_msgs/action/detail/tree_action_server__functions.h
[18.551s] -- Installing: /home/zaynap/Projects/Bt/install/grab2_msgs/include/grab2_msgs/grab2_msgs/action/detail/compute_plan_through_poses__functions.c
[18.551s] -- Installing: /home/zaynap/Projects/Bt/install/grab2_msgs/include/grab2_msgs/grab2_msgs/action/detail/compute_plan_to_target_ik__type_support.h
[18.552s] -- Installing: /home/zaynap/Projects/Bt/install/grab2_msgs/include/grab2_msgs/grab2_msgs/action/detail/get_isaac_grasp__type_support.h
[18.552s] -- Installing: /home/zaynap/Projects/Bt/install/grab2_msgs/include/grab2_msgs/grab2_msgs/action/detail/compute_plan_through_poses__type_support.h
[18.552s] -- Installing: /home/zaynap/Projects/Bt/install/grab2_msgs/include/grab2_msgs/grab2_msgs/action/detail/compute_plan_through_poses__functions.h
[18.552s] -- Installing: /home/zaynap/Projects/Bt/install/grab2_msgs/include/grab2_msgs/grab2_msgs/action/detail/reach_object__functions.h
[18.552s] -- Installing: /home/zaynap/Projects/Bt/install/grab2_msgs/include/grab2_msgs/grab2_msgs/action/detail/tree_action_server__struct.h
[18.552s] -- Installing: /home/zaynap/Projects/Bt/install/grab2_msgs/include/grab2_msgs/grab2_msgs/action/detail/tree_action_server__type_support.h
[18.552s] -- Installing: /home/zaynap/Projects/Bt/install/grab2_msgs/include/grab2_msgs/grab2_msgs/action/detail/get_isaac_grasp__functions.h
[18.555s] -- Installing: /home/zaynap/Projects/Bt/install/grab2_msgs/include/grab2_msgs/grab2_msgs/action/detail/reach_object__functions.c
[18.556s] -- Installing: /home/zaynap/Projects/Bt/install/grab2_msgs/include/grab2_msgs/grab2_msgs/action/detail/get_isaac_grasp__functions.c
[18.556s] -- Installing: /home/zaynap/Projects/Bt/install/grab2_msgs/include/grab2_msgs/grab2_msgs/action/detail/get_isaac_grasp__struct.h
[18.556s] -- Installing: /home/zaynap/Projects/Bt/install/grab2_msgs/include/grab2_msgs/grab2_msgs/action/detail/compute_plan_through_poses__struct.h
[18.557s] -- Installing: /home/zaynap/Projects/Bt/install/grab2_msgs/include/grab2_msgs/grab2_msgs/action/detail/compute_plan_to_target_ik__functions.c
[18.557s] -- Installing: /home/zaynap/Projects/Bt/install/grab2_msgs/include/grab2_msgs/grab2_msgs/action/detail/compute_plan_to_target_ik__struct.h
[18.557s] -- Installing: /home/zaynap/Projects/Bt/install/grab2_msgs/include/grab2_msgs/grab2_msgs/action/detail/reach_object__type_support.h
[18.557s] -- Installing: /home/zaynap/Projects/Bt/install/grab2_msgs/include/grab2_msgs/grab2_msgs/action/detail/tree_action_server__functions.c
[18.557s] -- Installing: /home/zaynap/Projects/Bt/install/grab2_msgs/include/grab2_msgs/grab2_msgs/action/detail/compute_plan_to_target_ik__functions.h
[18.557s] -- Installing: /home/zaynap/Projects/Bt/install/grab2_msgs/include/grab2_msgs/grab2_msgs/action/get_isaac_grasp.h
[18.561s] -- Installing: /home/zaynap/Projects/Bt/install/grab2_msgs/include/grab2_msgs/grab2_msgs/msg
[18.561s] -- Installing: /home/zaynap/Projects/Bt/install/grab2_msgs/include/grab2_msgs/grab2_msgs/msg/rosidl_generator_c__visibility_control.h
[18.561s] -- Installing: /home/zaynap/Projects/Bt/install/grab2_msgs/share/grab2_msgs/environment/library_path.sh
[18.561s] -- Installing: /home/zaynap/Projects/Bt/install/grab2_msgs/share/grab2_msgs/environment/library_path.dsv
[18.561s] -- Installing: /home/zaynap/Projects/Bt/install/grab2_msgs/lib/libgrab2_msgs__rosidl_generator_c.so
[18.562s] -- Set runtime path of "/home/zaynap/Projects/Bt/install/grab2_msgs/lib/libgrab2_msgs__rosidl_generator_c.so" to ""
[18.562s] -- Up-to-date: /home/zaynap/Projects/Bt/install/grab2_msgs/include/grab2_msgs/grab2_msgs
[18.562s] -- Up-to-date: /home/zaynap/Projects/Bt/install/grab2_msgs/include/grab2_msgs/grab2_msgs/action
[18.562s] -- Up-to-date: /home/zaynap/Projects/Bt/install/grab2_msgs/include/grab2_msgs/grab2_msgs/action/detail
[18.562s] -- Installing: /home/zaynap/Projects/Bt/install/grab2_msgs/include/grab2_msgs/grab2_msgs/action/detail/get_isaac_grasp__rosidl_typesupport_fastrtps_c.h
[18.562s] -- Installing: /home/zaynap/Projects/Bt/install/grab2_msgs/include/grab2_msgs/grab2_msgs/action/detail/compute_plan_to_target_ik__rosidl_typesupport_fastrtps_c.h
[18.562s] -- Installing: /home/zaynap/Projects/Bt/install/grab2_msgs/include/grab2_msgs/grab2_msgs/action/detail/reach_object__rosidl_typesupport_fastrtps_c.h
[18.563s] -- Installing: /home/zaynap/Projects/Bt/install/grab2_msgs/include/grab2_msgs/grab2_msgs/action/detail/tree_action_server__rosidl_typesupport_fastrtps_c.h
[18.563s] -- Installing: /home/zaynap/Projects/Bt/install/grab2_msgs/include/grab2_msgs/grab2_msgs/action/detail/compute_plan_through_poses__rosidl_typesupport_fastrtps_c.h
[18.563s] -- Up-to-date: /home/zaynap/Projects/Bt/install/grab2_msgs/include/grab2_msgs/grab2_msgs/msg
[18.563s] -- Installing: /home/zaynap/Projects/Bt/install/grab2_msgs/include/grab2_msgs/grab2_msgs/msg/rosidl_typesupport_fastrtps_c__visibility_control.h
[18.563s] -- Installing: /home/zaynap/Projects/Bt/install/grab2_msgs/lib/libgrab2_msgs__rosidl_typesupport_fastrtps_c.so
[18.564s] -- Set runtime path of "/home/zaynap/Projects/Bt/install/grab2_msgs/lib/libgrab2_msgs__rosidl_typesupport_fastrtps_c.so" to ""
[18.564s] -- Up-to-date: /home/zaynap/Projects/Bt/install/grab2_msgs/include/grab2_msgs/grab2_msgs
[18.564s] -- Up-to-date: /home/zaynap/Projects/Bt/install/grab2_msgs/include/grab2_msgs/grab2_msgs/action
[18.564s] -- Installing: /home/zaynap/Projects/Bt/install/grab2_msgs/include/grab2_msgs/grab2_msgs/action/get_isaac_grasp.hpp
[18.565s] -- Installing: /home/zaynap/Projects/Bt/install/grab2_msgs/include/grab2_msgs/grab2_msgs/action/compute_plan_to_target_ik.hpp
[18.565s] -- Installing: /home/zaynap/Projects/Bt/install/grab2_msgs/include/grab2_msgs/grab2_msgs/action/tree_action_server.hpp
[18.565s] -- Installing: /home/zaynap/Projects/Bt/install/grab2_msgs/include/grab2_msgs/grab2_msgs/action/reach_object.hpp
[18.565s] -- Installing: /home/zaynap/Projects/Bt/install/grab2_msgs/include/grab2_msgs/grab2_msgs/action/compute_plan_through_poses.hpp
[18.568s] -- Up-to-date: /home/zaynap/Projects/Bt/install/grab2_msgs/include/grab2_msgs/grab2_msgs/action/detail
[18.568s] -- Installing: /home/zaynap/Projects/Bt/install/grab2_msgs/include/grab2_msgs/grab2_msgs/action/detail/tree_action_server__struct.hpp
[18.568s] -- Installing: /home/zaynap/Projects/Bt/install/grab2_msgs/include/grab2_msgs/grab2_msgs/action/detail/compute_plan_to_target_ik__type_support.hpp
[18.568s] -- Installing: /home/zaynap/Projects/Bt/install/grab2_msgs/include/grab2_msgs/grab2_msgs/action/detail/tree_action_server__builder.hpp
[18.569s] -- Installing: /home/zaynap/Projects/Bt/install/grab2_msgs/include/grab2_msgs/grab2_msgs/action/detail/compute_plan_through_poses__traits.hpp
[18.569s] -- Installing: /home/zaynap/Projects/Bt/install/grab2_msgs/include/grab2_msgs/grab2_msgs/action/detail/get_isaac_grasp__type_support.hpp
[18.569s] -- Installing: /home/zaynap/Projects/Bt/install/grab2_msgs/include/grab2_msgs/grab2_msgs/action/detail/compute_plan_through_poses__builder.hpp
[18.569s] -- Installing: /home/zaynap/Projects/Bt/install/grab2_msgs/include/grab2_msgs/grab2_msgs/action/detail/reach_object__builder.hpp
[18.569s] -- Installing: /home/zaynap/Projects/Bt/install/grab2_msgs/include/grab2_msgs/grab2_msgs/action/detail/tree_action_server__traits.hpp
[18.569s] -- Installing: /home/zaynap/Projects/Bt/install/grab2_msgs/include/grab2_msgs/grab2_msgs/action/detail/compute_plan_to_target_ik__builder.hpp
[18.570s] -- Installing: /home/zaynap/Projects/Bt/install/grab2_msgs/include/grab2_msgs/grab2_msgs/action/detail/reach_object__traits.hpp
[18.570s] -- Installing: /home/zaynap/Projects/Bt/install/grab2_msgs/include/grab2_msgs/grab2_msgs/action/detail/get_isaac_grasp__traits.hpp
[18.570s] -- Installing: /home/zaynap/Projects/Bt/install/grab2_msgs/include/grab2_msgs/grab2_msgs/action/detail/compute_plan_through_poses__type_support.hpp
[18.570s] -- Installing: /home/zaynap/Projects/Bt/install/grab2_msgs/include/grab2_msgs/grab2_msgs/action/detail/compute_plan_to_target_ik__struct.hpp
[18.571s] -- Installing: /home/zaynap/Projects/Bt/install/grab2_msgs/include/grab2_msgs/grab2_msgs/action/detail/reach_object__type_support.hpp
[18.574s] -- Installing: /home/zaynap/Projects/Bt/install/grab2_msgs/include/grab2_msgs/grab2_msgs/action/detail/reach_object__struct.hpp
[18.574s] -- Installing: /home/zaynap/Projects/Bt/install/grab2_msgs/include/grab2_msgs/grab2_msgs/action/detail/compute_plan_through_poses__struct.hpp
[18.574s] -- Installing: /home/zaynap/Projects/Bt/install/grab2_msgs/include/grab2_msgs/grab2_msgs/action/detail/compute_plan_to_target_ik__traits.hpp
[18.574s] -- Installing: /home/zaynap/Projects/Bt/install/grab2_msgs/include/grab2_msgs/grab2_msgs/action/detail/get_isaac_grasp__struct.hpp
[18.575s] -- Installing: /home/zaynap/Projects/Bt/install/grab2_msgs/include/grab2_msgs/grab2_msgs/action/detail/get_isaac_grasp__builder.hpp
[18.578s] -- Installing: /home/zaynap/Projects/Bt/install/grab2_msgs/include/grab2_msgs/grab2_msgs/action/detail/tree_action_server__type_support.hpp
[18.578s] -- Up-to-date: /home/zaynap/Projects/Bt/install/grab2_msgs/include/grab2_msgs/grab2_msgs/msg
[18.578s] -- Installing: /home/zaynap/Projects/Bt/install/grab2_msgs/include/grab2_msgs/grab2_msgs/msg/rosidl_generator_cpp__visibility_control.hpp
[18.578s] -- Up-to-date: /home/zaynap/Projects/Bt/install/grab2_msgs/include/grab2_msgs/grab2_msgs
[18.578s] -- Up-to-date: /home/zaynap/Projects/Bt/install/grab2_msgs/include/grab2_msgs/grab2_msgs/action
[18.579s] -- Up-to-date: /home/zaynap/Projects/Bt/install/grab2_msgs/include/grab2_msgs/grab2_msgs/action/detail
[18.579s] -- Installing: /home/zaynap/Projects/Bt/install/grab2_msgs/include/grab2_msgs/grab2_msgs/action/detail/tree_action_server__rosidl_typesupport_fastrtps_cpp.hpp
[18.579s] -- Installing: /home/zaynap/Projects/Bt/install/grab2_msgs/include/grab2_msgs/grab2_msgs/action/detail/compute_plan_to_target_ik__rosidl_typesupport_fastrtps_cpp.hpp
[18.579s] -- Installing: /home/zaynap/Projects/Bt/install/grab2_msgs/include/grab2_msgs/grab2_msgs/action/detail/reach_object__rosidl_typesupport_fastrtps_cpp.hpp
[18.579s] -- Installing: /home/zaynap/Projects/Bt/install/grab2_msgs/include/grab2_msgs/grab2_msgs/action/detail/compute_plan_through_poses__rosidl_typesupport_fastrtps_cpp.hpp
[18.579s] -- Installing: /home/zaynap/Projects/Bt/install/grab2_msgs/include/grab2_msgs/grab2_msgs/action/detail/dds_fastrtps
[18.579s] -- Installing: /home/zaynap/Projects/Bt/install/grab2_msgs/include/grab2_msgs/grab2_msgs/action/detail/get_isaac_grasp__rosidl_typesupport_fastrtps_cpp.hpp
[18.579s] -- Up-to-date: /home/zaynap/Projects/Bt/install/grab2_msgs/include/grab2_msgs/grab2_msgs/msg
[18.579s] -- Installing: /home/zaynap/Projects/Bt/install/grab2_msgs/include/grab2_msgs/grab2_msgs/msg/rosidl_typesupport_fastrtps_cpp__visibility_control.h
[18.580s] -- Installing: /home/zaynap/Projects/Bt/install/grab2_msgs/lib/libgrab2_msgs__rosidl_typesupport_fastrtps_cpp.so
[18.581s] -- Set runtime path of "/home/zaynap/Projects/Bt/install/grab2_msgs/lib/libgrab2_msgs__rosidl_typesupport_fastrtps_cpp.so" to ""
[18.582s] -- Up-to-date: /home/zaynap/Projects/Bt/install/grab2_msgs/include/grab2_msgs/grab2_msgs
[18.582s] -- Up-to-date: /home/zaynap/Projects/Bt/install/grab2_msgs/include/grab2_msgs/grab2_msgs/action
[18.582s] -- Up-to-date: /home/zaynap/Projects/Bt/install/grab2_msgs/include/grab2_msgs/grab2_msgs/action/detail
[18.582s] -- Installing: /home/zaynap/Projects/Bt/install/grab2_msgs/include/grab2_msgs/grab2_msgs/action/detail/get_isaac_grasp__rosidl_typesupport_introspection_c.h
[18.582s] -- Installing: /home/zaynap/Projects/Bt/install/grab2_msgs/include/grab2_msgs/grab2_msgs/action/detail/compute_plan_to_target_ik__rosidl_typesupport_introspection_c.h
[18.582s] -- Installing: /home/zaynap/Projects/Bt/install/grab2_msgs/include/grab2_msgs/grab2_msgs/action/detail/compute_plan_to_target_ik__type_support.c
[18.583s] -- Installing: /home/zaynap/Projects/Bt/install/grab2_msgs/include/grab2_msgs/grab2_msgs/action/detail/tree_action_server__rosidl_typesupport_introspection_c.h
[18.585s] -- Installing: /home/zaynap/Projects/Bt/install/grab2_msgs/include/grab2_msgs/grab2_msgs/action/detail/reach_object__rosidl_typesupport_introspection_c.h
[18.585s] -- Installing: /home/zaynap/Projects/Bt/install/grab2_msgs/include/grab2_msgs/grab2_msgs/action/detail/compute_plan_through_poses__type_support.c
[18.585s] -- Installing: /home/zaynap/Projects/Bt/install/grab2_msgs/include/grab2_msgs/grab2_msgs/action/detail/reach_object__type_support.c
[18.585s] -- Installing: /home/zaynap/Projects/Bt/install/grab2_msgs/include/grab2_msgs/grab2_msgs/action/detail/get_isaac_grasp__type_support.c
[18.585s] -- Installing: /home/zaynap/Projects/Bt/install/grab2_msgs/include/grab2_msgs/grab2_msgs/action/detail/tree_action_server__type_support.c
[18.586s] -- Installing: /home/zaynap/Projects/Bt/install/grab2_msgs/include/grab2_msgs/grab2_msgs/action/detail/compute_plan_through_poses__rosidl_typesupport_introspection_c.h
[18.586s] -- Up-to-date: /home/zaynap/Projects/Bt/install/grab2_msgs/include/grab2_msgs/grab2_msgs/msg
[18.586s] -- Installing: /home/zaynap/Projects/Bt/install/grab2_msgs/include/grab2_msgs/grab2_msgs/msg/rosidl_typesupport_introspection_c__visibility_control.h
[18.586s] -- Installing: /home/zaynap/Projects/Bt/install/grab2_msgs/lib/libgrab2_msgs__rosidl_typesupport_introspection_c.so
[18.588s] -- Set runtime path of "/home/zaynap/Projects/Bt/install/grab2_msgs/lib/libgrab2_msgs__rosidl_typesupport_introspection_c.so" to ""
[18.588s] -- Installing: /home/zaynap/Projects/Bt/install/grab2_msgs/lib/libgrab2_msgs__rosidl_typesupport_c.so
[18.589s] -- Set runtime path of "/home/zaynap/Projects/Bt/install/grab2_msgs/lib/libgrab2_msgs__rosidl_typesupport_c.so" to ""
[18.589s] -- Up-to-date: /home/zaynap/Projects/Bt/install/grab2_msgs/include/grab2_msgs/grab2_msgs
[18.589s] -- Up-to-date: /home/zaynap/Projects/Bt/install/grab2_msgs/include/grab2_msgs/grab2_msgs/action
[18.589s] -- Up-to-date: /home/zaynap/Projects/Bt/install/grab2_msgs/include/grab2_msgs/grab2_msgs/action/detail
[18.589s] -- Installing: /home/zaynap/Projects/Bt/install/grab2_msgs/include/grab2_msgs/grab2_msgs/action/detail/compute_plan_to_target_ik__type_support.cpp
[18.589s] -- Installing: /home/zaynap/Projects/Bt/install/grab2_msgs/include/grab2_msgs/grab2_msgs/action/detail/compute_plan_to_target_ik__rosidl_typesupport_introspection_cpp.hpp
[18.589s] -- Installing: /home/zaynap/Projects/Bt/install/grab2_msgs/include/grab2_msgs/grab2_msgs/action/detail/reach_object__type_support.cpp
[18.590s] -- Installing: /home/zaynap/Projects/Bt/install/grab2_msgs/include/grab2_msgs/grab2_msgs/action/detail/get_isaac_grasp__type_support.cpp
[18.590s] -- Installing: /home/zaynap/Projects/Bt/install/grab2_msgs/include/grab2_msgs/grab2_msgs/action/detail/get_isaac_grasp__rosidl_typesupport_introspection_cpp.hpp
[18.592s] -- Installing: /home/zaynap/Projects/Bt/install/grab2_msgs/include/grab2_msgs/grab2_msgs/action/detail/tree_action_server__type_support.cpp
[18.592s] -- Installing: /home/zaynap/Projects/Bt/install/grab2_msgs/include/grab2_msgs/grab2_msgs/action/detail/tree_action_server__rosidl_typesupport_introspection_cpp.hpp
[18.592s] -- Installing: /home/zaynap/Projects/Bt/install/grab2_msgs/include/grab2_msgs/grab2_msgs/action/detail/compute_plan_through_poses__type_support.cpp
[18.592s] -- Installing: /home/zaynap/Projects/Bt/install/grab2_msgs/include/grab2_msgs/grab2_msgs/action/detail/reach_object__rosidl_typesupport_introspection_cpp.hpp
[18.593s] -- Installing: /home/zaynap/Projects/Bt/install/grab2_msgs/include/grab2_msgs/grab2_msgs/action/detail/compute_plan_through_poses__rosidl_typesupport_introspection_cpp.hpp
[18.593s] -- Installing: /home/zaynap/Projects/Bt/install/grab2_msgs/lib/libgrab2_msgs__rosidl_typesupport_introspection_cpp.so
[18.596s] -- Set runtime path of "/home/zaynap/Projects/Bt/install/grab2_msgs/lib/libgrab2_msgs__rosidl_typesupport_introspection_cpp.so" to ""
[18.596s] -- Installing: /home/zaynap/Projects/Bt/install/grab2_msgs/lib/libgrab2_msgs__rosidl_typesupport_cpp.so
[18.600s] -- Set runtime path of "/home/zaynap/Projects/Bt/install/grab2_msgs/lib/libgrab2_msgs__rosidl_typesupport_cpp.so" to ""
[18.600s] -- Installing: /home/zaynap/Projects/Bt/install/grab2_msgs/share/grab2_msgs/environment/pythonpath.sh
[18.600s] -- Installing: /home/zaynap/Projects/Bt/install/grab2_msgs/share/grab2_msgs/environment/pythonpath.dsv
[18.600s] -- Installing: /home/zaynap/Projects/Bt/install/grab2_msgs/local/lib/python3.10/dist-packages/grab2_msgs-0.0.0-py3.10.egg-info
[18.600s] -- Installing: /home/zaynap/Projects/Bt/install/grab2_msgs/local/lib/python3.10/dist-packages/grab2_msgs-0.0.0-py3.10.egg-info/top_level.txt
[18.601s] -- Installing: /home/zaynap/Projects/Bt/install/grab2_msgs/local/lib/python3.10/dist-packages/grab2_msgs-0.0.0-py3.10.egg-info/PKG-INFO
[18.601s] -- Installing: /home/zaynap/Projects/Bt/install/grab2_msgs/local/lib/python3.10/dist-packages/grab2_msgs-0.0.0-py3.10.egg-info/SOURCES.txt
[18.601s] -- Installing: /home/zaynap/Projects/Bt/install/grab2_msgs/local/lib/python3.10/dist-packages/grab2_msgs-0.0.0-py3.10.egg-info/dependency_links.txt
[18.601s] -- Installing: /home/zaynap/Projects/Bt/install/grab2_msgs/local/lib/python3.10/dist-packages/grab2_msgs
[18.601s] -- Installing: /home/zaynap/Projects/Bt/install/grab2_msgs/local/lib/python3.10/dist-packages/grab2_msgs/libgrab2_msgs__rosidl_generator_py.so
[18.601s] -- Installing: /home/zaynap/Projects/Bt/install/grab2_msgs/local/lib/python3.10/dist-packages/grab2_msgs/__init__.py
[18.601s] -- Installing: /home/zaynap/Projects/Bt/install/grab2_msgs/local/lib/python3.10/dist-packages/grab2_msgs/grab2_msgs_s__rosidl_typesupport_c.cpython-310-x86_64-linux-gnu.so
[18.601s] -- Installing: /home/zaynap/Projects/Bt/install/grab2_msgs/local/lib/python3.10/dist-packages/grab2_msgs/_grab2_msgs_s.ep.rosidl_typesupport_fastrtps_c.c
[18.602s] -- Installing: /home/zaynap/Projects/Bt/install/grab2_msgs/local/lib/python3.10/dist-packages/grab2_msgs/grab2_msgs_s__rosidl_typesupport_introspection_c.cpython-310-x86_64-linux-gnu.so
[18.602s] -- Installing: /home/zaynap/Projects/Bt/install/grab2_msgs/local/lib/python3.10/dist-packages/grab2_msgs/_grab2_msgs_s.ep.rosidl_typesupport_c.c
[18.602s] -- Installing: /home/zaynap/Projects/Bt/install/grab2_msgs/local/lib/python3.10/dist-packages/grab2_msgs/action
[18.602s] -- Installing: /home/zaynap/Projects/Bt/install/grab2_msgs/local/lib/python3.10/dist-packages/grab2_msgs/action/_compute_plan_through_poses.py
[18.602s] -- Installing: /home/zaynap/Projects/Bt/install/grab2_msgs/local/lib/python3.10/dist-packages/grab2_msgs/action/__init__.py
[18.602s] -- Installing: /home/zaynap/Projects/Bt/install/grab2_msgs/local/lib/python3.10/dist-packages/grab2_msgs/action/_tree_action_server.py
[18.604s] -- Installing: /home/zaynap/Projects/Bt/install/grab2_msgs/local/lib/python3.10/dist-packages/grab2_msgs/action/_reach_object_s.c
[18.604s] -- Installing: /home/zaynap/Projects/Bt/install/grab2_msgs/local/lib/python3.10/dist-packages/grab2_msgs/action/_compute_plan_through_poses_s.c
[18.605s] -- Installing: /home/zaynap/Projects/Bt/install/grab2_msgs/local/lib/python3.10/dist-packages/grab2_msgs/action/_get_isaac_grasp_s.c
[18.605s] -- Installing: /home/zaynap/Projects/Bt/install/grab2_msgs/local/lib/python3.10/dist-packages/grab2_msgs/action/_tree_action_server_s.c
[18.605s] -- Installing: /home/zaynap/Projects/Bt/install/grab2_msgs/local/lib/python3.10/dist-packages/grab2_msgs/action/_compute_plan_to_target_ik.py
[18.610s] -- Installing: /home/zaynap/Projects/Bt/install/grab2_msgs/local/lib/python3.10/dist-packages/grab2_msgs/action/_reach_object.py
[18.610s] -- Installing: /home/zaynap/Projects/Bt/install/grab2_msgs/local/lib/python3.10/dist-packages/grab2_msgs/action/_get_isaac_grasp.py
[18.610s] -- Installing: /home/zaynap/Projects/Bt/install/grab2_msgs/local/lib/python3.10/dist-packages/grab2_msgs/action/_compute_plan_to_target_ik_s.c
[18.610s] -- Installing: /home/zaynap/Projects/Bt/install/grab2_msgs/local/lib/python3.10/dist-packages/grab2_msgs/grab2_msgs_s__rosidl_typesupport_fastrtps_c.cpython-310-x86_64-linux-gnu.so
[18.610s] -- Installing: /home/zaynap/Projects/Bt/install/grab2_msgs/local/lib/python3.10/dist-packages/grab2_msgs/_grab2_msgs_s.ep.rosidl_typesupport_introspection_c.c
[18.795s] Listing '/home/zaynap/Projects/Bt/install/grab2_msgs/local/lib/python3.10/dist-packages/grab2_msgs'...
[18.795s] Compiling '/home/zaynap/Projects/Bt/install/grab2_msgs/local/lib/python3.10/dist-packages/grab2_msgs/__init__.py'...
[18.795s] Listing '/home/zaynap/Projects/Bt/install/grab2_msgs/local/lib/python3.10/dist-packages/grab2_msgs/action'...
[18.795s] Compiling '/home/zaynap/Projects/Bt/install/grab2_msgs/local/lib/python3.10/dist-packages/grab2_msgs/action/__init__.py'...
[18.795s] Compiling '/home/zaynap/Projects/Bt/install/grab2_msgs/local/lib/python3.10/dist-packages/grab2_msgs/action/_compute_plan_through_poses.py'...
[18.796s] Compiling '/home/zaynap/Projects/Bt/install/grab2_msgs/local/lib/python3.10/dist-packages/grab2_msgs/action/_compute_plan_to_target_ik.py'...
[18.796s] Compiling '/home/zaynap/Projects/Bt/install/grab2_msgs/local/lib/python3.10/dist-packages/grab2_msgs/action/_get_isaac_grasp.py'...
[18.796s] Compiling '/home/zaynap/Projects/Bt/install/grab2_msgs/local/lib/python3.10/dist-packages/grab2_msgs/action/_reach_object.py'...
[18.796s] Compiling '/home/zaynap/Projects/Bt/install/grab2_msgs/local/lib/python3.10/dist-packages/grab2_msgs/action/_tree_action_server.py'...
[18.805s] -- Installing: /home/zaynap/Projects/Bt/install/grab2_msgs/local/lib/python3.10/dist-packages/grab2_msgs/grab2_msgs_s__rosidl_typesupport_fastrtps_c.cpython-310-x86_64-linux-gnu.so
[18.805s] -- Set runtime path of "/home/zaynap/Projects/Bt/install/grab2_msgs/local/lib/python3.10/dist-packages/grab2_msgs/grab2_msgs_s__rosidl_typesupport_fastrtps_c.cpython-310-x86_64-linux-gnu.so" to ""
[18.805s] -- Installing: /home/zaynap/Projects/Bt/install/grab2_msgs/local/lib/python3.10/dist-packages/grab2_msgs/grab2_msgs_s__rosidl_typesupport_introspection_c.cpython-310-x86_64-linux-gnu.so
[18.806s] -- Set runtime path of "/home/zaynap/Projects/Bt/install/grab2_msgs/local/lib/python3.10/dist-packages/grab2_msgs/grab2_msgs_s__rosidl_typesupport_introspection_c.cpython-310-x86_64-linux-gnu.so" to ""
[18.807s] -- Installing: /home/zaynap/Projects/Bt/install/grab2_msgs/local/lib/python3.10/dist-packages/grab2_msgs/grab2_msgs_s__rosidl_typesupport_c.cpython-310-x86_64-linux-gnu.so
[18.808s] -- Set runtime path of "/home/zaynap/Projects/Bt/install/grab2_msgs/local/lib/python3.10/dist-packages/grab2_msgs/grab2_msgs_s__rosidl_typesupport_c.cpython-310-x86_64-linux-gnu.so" to ""
[18.808s] -- Installing: /home/zaynap/Projects/Bt/install/grab2_msgs/lib/libgrab2_msgs__rosidl_generator_py.so
[18.809s] -- Set runtime path of "/home/zaynap/Projects/Bt/install/grab2_msgs/lib/libgrab2_msgs__rosidl_generator_py.so" to ""
[18.809s] -- Installing: /home/zaynap/Projects/Bt/install/grab2_msgs/share/grab2_msgs/action/ComputePlanToTargetIK.idl
[18.812s] -- Installing: /home/zaynap/Projects/Bt/install/grab2_msgs/share/grab2_msgs/action/ComputePlanThroughPoses.idl
[18.812s] -- Installing: /home/zaynap/Projects/Bt/install/grab2_msgs/share/grab2_msgs/action/GetIsaacGrasp.idl
[18.812s] -- Installing: /home/zaynap/Projects/Bt/install/grab2_msgs/share/grab2_msgs/action/ReachObject.idl
[18.813s] -- Installing: /home/zaynap/Projects/Bt/install/grab2_msgs/share/grab2_msgs/action/TreeActionServer.idl
[18.813s] -- Installing: /home/zaynap/Projects/Bt/install/grab2_msgs/share/grab2_msgs/action/ComputePlanToTargetIK.action
[18.814s] -- Installing: /home/zaynap/Projects/Bt/install/grab2_msgs/share/grab2_msgs/action/ComputePlanThroughPoses.action
[18.814s] -- Installing: /home/zaynap/Projects/Bt/install/grab2_msgs/share/grab2_msgs/action/GetIsaacGrasp.action
[18.814s] -- Installing: /home/zaynap/Projects/Bt/install/grab2_msgs/share/grab2_msgs/action/ReachObject.action
[18.815s] -- Installing: /home/zaynap/Projects/Bt/install/grab2_msgs/share/grab2_msgs/action/TreeActionServer.action
[18.815s] -- Installing: /home/zaynap/Projects/Bt/install/grab2_msgs/share/ament_index/resource_index/package_run_dependencies/grab2_msgs
[18.815s] -- Installing: /home/zaynap/Projects/Bt/install/grab2_msgs/share/ament_index/resource_index/parent_prefix_path/grab2_msgs
[18.816s] -- Installing: /home/zaynap/Projects/Bt/install/grab2_msgs/share/grab2_msgs/environment/ament_prefix_path.sh
[18.816s] -- Installing: /home/zaynap/Projects/Bt/install/grab2_msgs/share/grab2_msgs/environment/ament_prefix_path.dsv
[18.817s] -- Installing: /home/zaynap/Projects/Bt/install/grab2_msgs/share/grab2_msgs/environment/path.sh
[18.817s] -- Installing: /home/zaynap/Projects/Bt/install/grab2_msgs/share/grab2_msgs/environment/path.dsv
[18.817s] -- Installing: /home/zaynap/Projects/Bt/install/grab2_msgs/share/grab2_msgs/local_setup.bash
[18.818s] -- Installing: /home/zaynap/Projects/Bt/install/grab2_msgs/share/grab2_msgs/local_setup.sh
[18.818s] -- Installing: /home/zaynap/Projects/Bt/install/grab2_msgs/share/grab2_msgs/local_setup.zsh
[18.819s] -- Installing: /home/zaynap/Projects/Bt/install/grab2_msgs/share/grab2_msgs/local_setup.dsv
[18.819s] -- Installing: /home/zaynap/Projects/Bt/install/grab2_msgs/share/grab2_msgs/package.dsv
[18.820s] -- Installing: /home/zaynap/Projects/Bt/install/grab2_msgs/share/ament_index/resource_index/packages/grab2_msgs
[18.820s] -- Installing: /home/zaynap/Projects/Bt/install/grab2_msgs/share/grab2_msgs/cmake/export_grab2_msgs__rosidl_generator_cExport.cmake
[18.821s] -- Installing: /home/zaynap/Projects/Bt/install/grab2_msgs/share/grab2_msgs/cmake/export_grab2_msgs__rosidl_generator_cExport-noconfig.cmake
[18.821s] -- Installing: /home/zaynap/Projects/Bt/install/grab2_msgs/share/grab2_msgs/cmake/export_grab2_msgs__rosidl_typesupport_fastrtps_cExport.cmake
[18.821s] -- Installing: /home/zaynap/Projects/Bt/install/grab2_msgs/share/grab2_msgs/cmake/export_grab2_msgs__rosidl_typesupport_fastrtps_cExport-noconfig.cmake
[18.822s] -- Installing: /home/zaynap/Projects/Bt/install/grab2_msgs/share/grab2_msgs/cmake/export_grab2_msgs__rosidl_generator_cppExport.cmake
[18.822s] -- Installing: /home/zaynap/Projects/Bt/install/grab2_msgs/share/grab2_msgs/cmake/export_grab2_msgs__rosidl_typesupport_fastrtps_cppExport.cmake
[18.823s] -- Installing: /home/zaynap/Projects/Bt/install/grab2_msgs/share/grab2_msgs/cmake/export_grab2_msgs__rosidl_typesupport_fastrtps_cppExport-noconfig.cmake
[18.823s] -- Installing: /home/zaynap/Projects/Bt/install/grab2_msgs/share/grab2_msgs/cmake/grab2_msgs__rosidl_typesupport_introspection_cExport.cmake
[18.824s] -- Installing: /home/zaynap/Projects/Bt/install/grab2_msgs/share/grab2_msgs/cmake/grab2_msgs__rosidl_typesupport_introspection_cExport-noconfig.cmake
[18.824s] -- Installing: /home/zaynap/Projects/Bt/install/grab2_msgs/share/grab2_msgs/cmake/grab2_msgs__rosidl_typesupport_cExport.cmake
[18.825s] -- Installing: /home/zaynap/Projects/Bt/install/grab2_msgs/share/grab2_msgs/cmake/grab2_msgs__rosidl_typesupport_cExport-noconfig.cmake
[18.825s] -- Installing: /home/zaynap/Projects/Bt/install/grab2_msgs/share/grab2_msgs/cmake/grab2_msgs__rosidl_typesupport_introspection_cppExport.cmake
[18.825s] -- Installing: /home/zaynap/Projects/Bt/install/grab2_msgs/share/grab2_msgs/cmake/grab2_msgs__rosidl_typesupport_introspection_cppExport-noconfig.cmake
[18.826s] -- Installing: /home/zaynap/Projects/Bt/install/grab2_msgs/share/grab2_msgs/cmake/grab2_msgs__rosidl_typesupport_cppExport.cmake
[18.826s] -- Installing: /home/zaynap/Projects/Bt/install/grab2_msgs/share/grab2_msgs/cmake/grab2_msgs__rosidl_typesupport_cppExport-noconfig.cmake
[18.827s] -- Installing: /home/zaynap/Projects/Bt/install/grab2_msgs/share/grab2_msgs/cmake/export_grab2_msgs__rosidl_generator_pyExport.cmake
[18.827s] -- Installing: /home/zaynap/Projects/Bt/install/grab2_msgs/share/grab2_msgs/cmake/export_grab2_msgs__rosidl_generator_pyExport-noconfig.cmake
[18.828s] -- Installing: /home/zaynap/Projects/Bt/install/grab2_msgs/share/grab2_msgs/cmake/rosidl_cmake-extras.cmake
[18.828s] -- Installing: /home/zaynap/Projects/Bt/install/grab2_msgs/share/grab2_msgs/cmake/ament_cmake_export_dependencies-extras.cmake
[18.828s] -- Installing: /home/zaynap/Projects/Bt/install/grab2_msgs/share/grab2_msgs/cmake/ament_cmake_export_include_directories-extras.cmake
[18.829s] -- Installing: /home/zaynap/Projects/Bt/install/grab2_msgs/share/grab2_msgs/cmake/ament_cmake_export_libraries-extras.cmake
[18.829s] -- Installing: /home/zaynap/Projects/Bt/install/grab2_msgs/share/grab2_msgs/cmake/ament_cmake_export_targets-extras.cmake
[18.830s] -- Installing: /home/zaynap/Projects/Bt/install/grab2_msgs/share/grab2_msgs/cmake/rosidl_cmake_export_typesupport_targets-extras.cmake
[18.830s] -- Installing: /home/zaynap/Projects/Bt/install/grab2_msgs/share/grab2_msgs/cmake/rosidl_cmake_export_typesupport_libraries-extras.cmake
[18.830s] -- Installing: /home/zaynap/Projects/Bt/install/grab2_msgs/share/grab2_msgs/cmake/grab2_msgsConfig.cmake
[18.831s] -- Installing: /home/zaynap/Projects/Bt/install/grab2_msgs/share/grab2_msgs/cmake/grab2_msgsConfig-version.cmake
[18.831s] -- Installing: /home/zaynap/Projects/Bt/install/grab2_msgs/share/grab2_msgs/package.xml
[18.840s] Invoked command in '/home/zaynap/Projects/Bt/build/grab2_msgs' returned '0': CMAKE_PREFIX_PATH=/home/zaynap/Projects/Bt/install/btcpp_ros2_interfaces:/home/zaynap/Projects/Bt/install/tiago_slam:/home/zaynap/Projects/Bt/install/tiago_sim:/home/zaynap/Projects/Bt/install/tiago_nav:/home/zaynap/Projects/Bt/install/tiago_grab:/home/zaynap/Projects/Bt/install/grab2_planner:/home/zaynap/Projects/Bt/install/grab2_bt_testing_pkg:/home/zaynap/Projects/Bt/install/grab2_bt_grabber:/home/zaynap/Projects/Bt/install/grab2_ros_common:/home/zaynap/Projects/Bt/install/grab2_behavior_tree:/home/zaynap/Projects/Bt/install/grab2_msgs:/home/zaynap/Projects/Bt/install/btcpp_ros2_samples:/home/zaynap/Projects/Bt/install/behaviortree_ros2:/opt/ros/humble LD_LIBRARY_PATH=/home/zaynap/Projects/Bt/install/btcpp_ros2_interfaces/lib:/home/zaynap/Projects/Bt/install/grab2_planner/lib:/home/zaynap/Projects/Bt/install/grab2_bt_testing_pkg/lib:/home/zaynap/Projects/Bt/install/grab2_bt_grabber/lib:/home/zaynap/Projects/Bt/install/grab2_behavior_tree/lib:/home/zaynap/Projects/Bt/install/grab2_msgs/lib:/home/zaynap/Projects/Bt/install/behaviortree_ros2/lib:/usr/lib/x86_64-linux-gnu/gazebo-11/plugins:/opt/ros/humble/opt/rviz_ogre_vendor/lib:/opt/ros/humble/lib/x86_64-linux-gnu:/opt/ros/humble/lib /usr/bin/cmake --install /home/zaynap/Projects/Bt/build/grab2_msgs
