[0.060s] Invoking command in '/home/zaynap/Projects/Bt/build/grab2_ros_common': CMAKE_PREFIX_PATH=/home/zaynap/Projects/Bt/install/grab2_msgs:/home/zaynap/Projects/Bt/install/behaviortree_ros2:/home/zaynap/Projects/Bt/install/btcpp_ros2_interfaces:/home/zaynap/Projects/Bt/install/tiago_slam:/home/zaynap/Projects/Bt/install/tiago_sim:/home/zaynap/Projects/Bt/install/tiago_nav:/home/zaynap/Projects/Bt/install/tiago_grab:/home/zaynap/Projects/Bt/install/grab2_planner:/home/zaynap/Projects/Bt/install/grab2_bt_testing_pkg:/home/zaynap/Projects/Bt/install/grab2_bt_grabber:/home/zaynap/Projects/Bt/install/grab2_ros_common:/home/zaynap/Projects/Bt/install/grab2_behavior_tree:/home/zaynap/Projects/Bt/install/btcpp_ros2_samples:/opt/ros/humble LD_LIBRARY_PATH=/home/zaynap/Projects/Bt/install/grab2_msgs/lib:/home/zaynap/Projects/Bt/install/btcpp_ros2_interfaces/lib:/home/zaynap/Projects/Bt/install/grab2_planner/lib:/home/zaynap/Projects/Bt/install/grab2_bt_testing_pkg/lib:/home/zaynap/Projects/Bt/install/grab2_bt_grabber/lib:/home/zaynap/Projects/Bt/install/grab2_behavior_tree/lib:/home/zaynap/Projects/Bt/install/behaviortree_ros2/lib:/usr/lib/x86_64-linux-gnu/gazebo-11/plugins:/opt/ros/humble/opt/rviz_ogre_vendor/lib:/opt/ros/humble/lib/x86_64-linux-gnu:/opt/ros/humble/lib /usr/bin/cmake /home/zaynap/Projects/Bt/grab2_ros_common -DCMAKE_INSTALL_PREFIX=/home/zaynap/Projects/Bt/install/grab2_ros_common
[0.256s] -- The C compiler identification is GNU 11.4.0
[0.459s] -- The CXX compiler identification is GNU 11.4.0
[0.491s] -- Detecting C compiler ABI info
[0.746s] -- Detecting C compiler ABI info - done
[0.794s] -- Check for working C compiler: /usr/bin/cc - skipped
[0.796s] -- Detecting C compile features
[0.797s] -- Detecting C compile features - done
[0.810s] -- Detecting CXX compiler ABI info
[1.037s] -- Detecting CXX compiler ABI info - done
[1.051s] -- Check for working CXX compiler: /usr/bin/c++ - skipped
[1.052s] -- Detecting CXX compile features
[1.053s] -- Detecting CXX compile features - done
[1.058s] -- Found ament_cmake: 1.3.12 (/opt/ros/humble/share/ament_cmake/cmake)
[1.910s] -- Found Python3: /usr/bin/python3 (found version "3.10.12") found components: Interpreter 
[2.124s] -- Found rclcpp: 16.0.15 (/opt/ros/humble/share/rclcpp/cmake)
[2.281s] -- Found rosidl_generator_c: 3.1.7 (/opt/ros/humble/share/rosidl_generator_c/cmake)
[2.293s] -- Found rosidl_adapter: 3.1.7 (/opt/ros/humble/share/rosidl_adapter/cmake)
[2.308s] -- Found rosidl_generator_cpp: 3.1.7 (/opt/ros/humble/share/rosidl_generator_cpp/cmake)
[2.337s] -- Using all available rosidl_typesupport_c: rosidl_typesupport_fastrtps_c;rosidl_typesupport_introspection_c
[2.367s] -- Using all available rosidl_typesupport_cpp: rosidl_typesupport_fastrtps_cpp;rosidl_typesupport_introspection_cpp
[2.458s] -- Found rmw_implementation_cmake: 6.1.2 (/opt/ros/humble/share/rmw_implementation_cmake/cmake)
[2.462s] -- Found rmw_fastrtps_cpp: 6.2.8 (/opt/ros/humble/share/rmw_fastrtps_cpp/cmake)
[2.741s] -- Found OpenSSL: /usr/lib/x86_64-linux-gnu/libcrypto.so (found version "3.0.2")  
[2.849s] -- Found FastRTPS: /opt/ros/humble/include  
[2.990s] -- Using RMW implementation 'rmw_fastrtps_cpp' as default
[3.008s] -- Looking for pthread.h
[3.252s] -- Looking for pthread.h - found
[3.252s] -- Performing Test CMAKE_HAVE_LIBC_PTHREAD
[3.432s] -- Performing Test CMAKE_HAVE_LIBC_PTHREAD - Success
[3.432s] -- Found Threads: TRUE  
[3.621s] -- Found rclcpp_action: 16.0.15 (/opt/ros/humble/share/rclcpp_action/cmake)
[3.689s] -- Found tf2: 0.25.16 (/opt/ros/humble/share/tf2/cmake)
[3.738s] -- Found tf2_ros: 0.25.16 (/opt/ros/humble/share/tf2_ros/cmake)
[3.942s] -- Found tf2_geometry_msgs: 0.25.16 (/opt/ros/humble/share/tf2_geometry_msgs/cmake)
[4.001s] -- Found eigen3_cmake_module: 0.1.1 (/opt/ros/humble/share/eigen3_cmake_module/cmake)
[4.003s] -- Found Eigen3: TRUE (found version "3.4.0") 
[4.007s] -- Ensuring Eigen3 include directory is part of orocos-kdl CMake target
[4.010s] -- Found grab2_msgs: 0.0.0 (/home/zaynap/Projects/Bt/install/grab2_msgs/share/grab2_msgs/cmake)
[4.531s] -- Found behaviortree_cpp: 4.7.1 (/opt/ros/humble/share/behaviortree_cpp/cmake)
[4.536s] -- Found behaviortree_ros2: 0.3.0 (/home/zaynap/Projects/Bt/install/behaviortree_ros2/share/behaviortree_ros2/cmake)
[4.645s] -- Found ament_lint_auto: 0.12.14 (/opt/ros/humble/share/ament_lint_auto/cmake)
[4.952s] -- Added test 'cppcheck' to perform static code analysis on C / C++ code
[4.953s] -- Configured cppcheck include dirs: $<BUILD_INTERFACE:/home/zaynap/Projects/Bt/grab2_ros_common/include>
[4.957s] -- Configured cppcheck exclude dirs and/or files: 
[4.958s] -- Added test 'cpplint' to check C / C++ code against the Google style
[4.958s] -- Configured cpplint exclude dirs and/or files: 
[4.960s] -- Added test 'lint_cmake' to check CMake code style
[4.965s] -- Added test 'uncrustify' to check C / C++ code style
[4.965s] -- Configured uncrustify additional arguments: 
[4.969s] -- Added test 'xmllint' to check XML markup files
[4.978s] -- Configuring done
[4.996s] -- Generating done
[4.999s] -- Build files have been written to: /home/zaynap/Projects/Bt/build/grab2_ros_common
[5.054s] Invoked command in '/home/zaynap/Projects/Bt/build/grab2_ros_common' returned '0': CMAKE_PREFIX_PATH=/home/zaynap/Projects/Bt/install/grab2_msgs:/home/zaynap/Projects/Bt/install/behaviortree_ros2:/home/zaynap/Projects/Bt/install/btcpp_ros2_interfaces:/home/zaynap/Projects/Bt/install/tiago_slam:/home/zaynap/Projects/Bt/install/tiago_sim:/home/zaynap/Projects/Bt/install/tiago_nav:/home/zaynap/Projects/Bt/install/tiago_grab:/home/zaynap/Projects/Bt/install/grab2_planner:/home/zaynap/Projects/Bt/install/grab2_bt_testing_pkg:/home/zaynap/Projects/Bt/install/grab2_bt_grabber:/home/zaynap/Projects/Bt/install/grab2_ros_common:/home/zaynap/Projects/Bt/install/grab2_behavior_tree:/home/zaynap/Projects/Bt/install/btcpp_ros2_samples:/opt/ros/humble LD_LIBRARY_PATH=/home/zaynap/Projects/Bt/install/grab2_msgs/lib:/home/zaynap/Projects/Bt/install/btcpp_ros2_interfaces/lib:/home/zaynap/Projects/Bt/install/grab2_planner/lib:/home/zaynap/Projects/Bt/install/grab2_bt_testing_pkg/lib:/home/zaynap/Projects/Bt/install/grab2_bt_grabber/lib:/home/zaynap/Projects/Bt/install/grab2_behavior_tree/lib:/home/zaynap/Projects/Bt/install/behaviortree_ros2/lib:/usr/lib/x86_64-linux-gnu/gazebo-11/plugins:/opt/ros/humble/opt/rviz_ogre_vendor/lib:/opt/ros/humble/lib/x86_64-linux-gnu:/opt/ros/humble/lib /usr/bin/cmake /home/zaynap/Projects/Bt/grab2_ros_common -DCMAKE_INSTALL_PREFIX=/home/zaynap/Projects/Bt/install/grab2_ros_common
[5.058s] Invoking command in '/home/zaynap/Projects/Bt/build/grab2_ros_common': CMAKE_PREFIX_PATH=/home/zaynap/Projects/Bt/install/grab2_msgs:/home/zaynap/Projects/Bt/install/behaviortree_ros2:/home/zaynap/Projects/Bt/install/btcpp_ros2_interfaces:/home/zaynap/Projects/Bt/install/tiago_slam:/home/zaynap/Projects/Bt/install/tiago_sim:/home/zaynap/Projects/Bt/install/tiago_nav:/home/zaynap/Projects/Bt/install/tiago_grab:/home/zaynap/Projects/Bt/install/grab2_planner:/home/zaynap/Projects/Bt/install/grab2_bt_testing_pkg:/home/zaynap/Projects/Bt/install/grab2_bt_grabber:/home/zaynap/Projects/Bt/install/grab2_ros_common:/home/zaynap/Projects/Bt/install/grab2_behavior_tree:/home/zaynap/Projects/Bt/install/btcpp_ros2_samples:/opt/ros/humble LD_LIBRARY_PATH=/home/zaynap/Projects/Bt/install/grab2_msgs/lib:/home/zaynap/Projects/Bt/install/btcpp_ros2_interfaces/lib:/home/zaynap/Projects/Bt/install/grab2_planner/lib:/home/zaynap/Projects/Bt/install/grab2_bt_testing_pkg/lib:/home/zaynap/Projects/Bt/install/grab2_bt_grabber/lib:/home/zaynap/Projects/Bt/install/grab2_behavior_tree/lib:/home/zaynap/Projects/Bt/install/behaviortree_ros2/lib:/usr/lib/x86_64-linux-gnu/gazebo-11/plugins:/opt/ros/humble/opt/rviz_ogre_vendor/lib:/opt/ros/humble/lib/x86_64-linux-gnu:/opt/ros/humble/lib /usr/bin/cmake --build /home/zaynap/Projects/Bt/build/grab2_ros_common -- -j8 -l8
[5.182s] Invoked command in '/home/zaynap/Projects/Bt/build/grab2_ros_common' returned '0': CMAKE_PREFIX_PATH=/home/zaynap/Projects/Bt/install/grab2_msgs:/home/zaynap/Projects/Bt/install/behaviortree_ros2:/home/zaynap/Projects/Bt/install/btcpp_ros2_interfaces:/home/zaynap/Projects/Bt/install/tiago_slam:/home/zaynap/Projects/Bt/install/tiago_sim:/home/zaynap/Projects/Bt/install/tiago_nav:/home/zaynap/Projects/Bt/install/tiago_grab:/home/zaynap/Projects/Bt/install/grab2_planner:/home/zaynap/Projects/Bt/install/grab2_bt_testing_pkg:/home/zaynap/Projects/Bt/install/grab2_bt_grabber:/home/zaynap/Projects/Bt/install/grab2_ros_common:/home/zaynap/Projects/Bt/install/grab2_behavior_tree:/home/zaynap/Projects/Bt/install/btcpp_ros2_samples:/opt/ros/humble LD_LIBRARY_PATH=/home/zaynap/Projects/Bt/install/grab2_msgs/lib:/home/zaynap/Projects/Bt/install/btcpp_ros2_interfaces/lib:/home/zaynap/Projects/Bt/install/grab2_planner/lib:/home/zaynap/Projects/Bt/install/grab2_bt_testing_pkg/lib:/home/zaynap/Projects/Bt/install/grab2_bt_grabber/lib:/home/zaynap/Projects/Bt/install/grab2_behavior_tree/lib:/home/zaynap/Projects/Bt/install/behaviortree_ros2/lib:/usr/lib/x86_64-linux-gnu/gazebo-11/plugins:/opt/ros/humble/opt/rviz_ogre_vendor/lib:/opt/ros/humble/lib/x86_64-linux-gnu:/opt/ros/humble/lib /usr/bin/cmake --build /home/zaynap/Projects/Bt/build/grab2_ros_common -- -j8 -l8
[5.191s] Invoking command in '/home/zaynap/Projects/Bt/build/grab2_ros_common': CMAKE_PREFIX_PATH=/home/zaynap/Projects/Bt/install/grab2_msgs:/home/zaynap/Projects/Bt/install/behaviortree_ros2:/home/zaynap/Projects/Bt/install/btcpp_ros2_interfaces:/home/zaynap/Projects/Bt/install/tiago_slam:/home/zaynap/Projects/Bt/install/tiago_sim:/home/zaynap/Projects/Bt/install/tiago_nav:/home/zaynap/Projects/Bt/install/tiago_grab:/home/zaynap/Projects/Bt/install/grab2_planner:/home/zaynap/Projects/Bt/install/grab2_bt_testing_pkg:/home/zaynap/Projects/Bt/install/grab2_bt_grabber:/home/zaynap/Projects/Bt/install/grab2_ros_common:/home/zaynap/Projects/Bt/install/grab2_behavior_tree:/home/zaynap/Projects/Bt/install/btcpp_ros2_samples:/opt/ros/humble LD_LIBRARY_PATH=/home/zaynap/Projects/Bt/install/grab2_msgs/lib:/home/zaynap/Projects/Bt/install/btcpp_ros2_interfaces/lib:/home/zaynap/Projects/Bt/install/grab2_planner/lib:/home/zaynap/Projects/Bt/install/grab2_bt_testing_pkg/lib:/home/zaynap/Projects/Bt/install/grab2_bt_grabber/lib:/home/zaynap/Projects/Bt/install/grab2_behavior_tree/lib:/home/zaynap/Projects/Bt/install/behaviortree_ros2/lib:/usr/lib/x86_64-linux-gnu/gazebo-11/plugins:/opt/ros/humble/opt/rviz_ogre_vendor/lib:/opt/ros/humble/lib/x86_64-linux-gnu:/opt/ros/humble/lib /usr/bin/cmake --install /home/zaynap/Projects/Bt/build/grab2_ros_common
[5.201s] -- Install configuration: ""
[5.201s] -- Installing: /home/zaynap/Projects/Bt/install/grab2_ros_common/include/grab2_ros_common
[5.202s] -- Installing: /home/zaynap/Projects/Bt/install/grab2_ros_common/include/grab2_ros_common/grab2_ros_common
[5.202s] -- Installing: /home/zaynap/Projects/Bt/install/grab2_ros_common/include/grab2_ros_common/grab2_ros_common/node.hpp
[5.202s] -- Installing: /home/zaynap/Projects/Bt/install/grab2_ros_common/include/grab2_ros_common/grab2_ros_common/bt_execution_server.hpp
[5.202s] -- Installing: /home/zaynap/Projects/Bt/install/grab2_ros_common/share/ament_index/resource_index/package_run_dependencies/grab2_ros_common
[5.203s] -- Installing: /home/zaynap/Projects/Bt/install/grab2_ros_common/share/ament_index/resource_index/parent_prefix_path/grab2_ros_common
[5.203s] -- Installing: /home/zaynap/Projects/Bt/install/grab2_ros_common/share/grab2_ros_common/environment/ament_prefix_path.sh
[5.203s] -- Installing: /home/zaynap/Projects/Bt/install/grab2_ros_common/share/grab2_ros_common/environment/ament_prefix_path.dsv
[5.203s] -- Installing: /home/zaynap/Projects/Bt/install/grab2_ros_common/share/grab2_ros_common/environment/path.sh
[5.204s] -- Installing: /home/zaynap/Projects/Bt/install/grab2_ros_common/share/grab2_ros_common/environment/path.dsv
[5.204s] -- Installing: /home/zaynap/Projects/Bt/install/grab2_ros_common/share/grab2_ros_common/local_setup.bash
[5.204s] -- Installing: /home/zaynap/Projects/Bt/install/grab2_ros_common/share/grab2_ros_common/local_setup.sh
[5.204s] -- Installing: /home/zaynap/Projects/Bt/install/grab2_ros_common/share/grab2_ros_common/local_setup.zsh
[5.204s] -- Installing: /home/zaynap/Projects/Bt/install/grab2_ros_common/share/grab2_ros_common/local_setup.dsv
[5.206s] -- Installing: /home/zaynap/Projects/Bt/install/grab2_ros_common/share/grab2_ros_common/package.dsv
[5.207s] -- Installing: /home/zaynap/Projects/Bt/install/grab2_ros_common/share/ament_index/resource_index/packages/grab2_ros_common
[5.207s] -- Installing: /home/zaynap/Projects/Bt/install/grab2_ros_common/share/grab2_ros_common/cmake/grab2_ros_commonExport.cmake
[5.207s] -- Installing: /home/zaynap/Projects/Bt/install/grab2_ros_common/share/grab2_ros_common/cmake/ament_cmake_export_include_directories-extras.cmake
[5.210s] -- Installing: /home/zaynap/Projects/Bt/install/grab2_ros_common/share/grab2_ros_common/cmake/ament_cmake_export_dependencies-extras.cmake
[5.210s] -- Installing: /home/zaynap/Projects/Bt/install/grab2_ros_common/share/grab2_ros_common/cmake/ament_cmake_export_targets-extras.cmake
[5.210s] -- Installing: /home/zaynap/Projects/Bt/install/grab2_ros_common/share/grab2_ros_common/cmake/grab2_ros_commonConfig.cmake
[5.210s] -- Installing: /home/zaynap/Projects/Bt/install/grab2_ros_common/share/grab2_ros_common/cmake/grab2_ros_commonConfig-version.cmake
[5.212s] -- Installing: /home/zaynap/Projects/Bt/install/grab2_ros_common/share/grab2_ros_common/package.xml
[5.215s] Invoked command in '/home/zaynap/Projects/Bt/build/grab2_ros_common' returned '0': CMAKE_PREFIX_PATH=/home/zaynap/Projects/Bt/install/grab2_msgs:/home/zaynap/Projects/Bt/install/behaviortree_ros2:/home/zaynap/Projects/Bt/install/btcpp_ros2_interfaces:/home/zaynap/Projects/Bt/install/tiago_slam:/home/zaynap/Projects/Bt/install/tiago_sim:/home/zaynap/Projects/Bt/install/tiago_nav:/home/zaynap/Projects/Bt/install/tiago_grab:/home/zaynap/Projects/Bt/install/grab2_planner:/home/zaynap/Projects/Bt/install/grab2_bt_testing_pkg:/home/zaynap/Projects/Bt/install/grab2_bt_grabber:/home/zaynap/Projects/Bt/install/grab2_ros_common:/home/zaynap/Projects/Bt/install/grab2_behavior_tree:/home/zaynap/Projects/Bt/install/btcpp_ros2_samples:/opt/ros/humble LD_LIBRARY_PATH=/home/zaynap/Projects/Bt/install/grab2_msgs/lib:/home/zaynap/Projects/Bt/install/btcpp_ros2_interfaces/lib:/home/zaynap/Projects/Bt/install/grab2_planner/lib:/home/zaynap/Projects/Bt/install/grab2_bt_testing_pkg/lib:/home/zaynap/Projects/Bt/install/grab2_bt_grabber/lib:/home/zaynap/Projects/Bt/install/grab2_behavior_tree/lib:/home/zaynap/Projects/Bt/install/behaviortree_ros2/lib:/usr/lib/x86_64-linux-gnu/gazebo-11/plugins:/opt/ros/humble/opt/rviz_ogre_vendor/lib:/opt/ros/humble/lib/x86_64-linux-gnu:/opt/ros/humble/lib /usr/bin/cmake --install /home/zaynap/Projects/Bt/build/grab2_ros_common
